<?xml version="1.0" encoding="utf-8"?>
<test-run id="2" name="nunitlite.tests.exe" fullname="C:/Users/mmorales/Documents/Product_Verification/NUnit/net-4.5/nunitlite.tests.exe" testcasecount="342" result="Skipped" label="Ignored" start-time="2017-08-14 18:37:41Z" end-time="2017-08-14 18:37:41Z" duration="0.378903" total="342" passed="341" failed="0" inconclusive="0" skipped="1" asserts="698" random-seed="78123231">
  <command-line><![CDATA["C:\Users\mmorales\Documents\Product_Verification\NUnit\net-4.5\nunitlite.tests.exe" ]]></command-line>
  <filter />
  <test-suite type="Assembly" id="1383" name="nunitlite.tests.exe" fullname="C:/Users/mmorales/Documents/Product_Verification/NUnit/net-4.5/nunitlite.tests.exe" runstate="Runnable" testcasecount="342" result="Skipped" label="Ignored" start-time="2017-08-14 18:37:41Z" end-time="2017-08-14 18:37:41Z" duration="0.378903" total="342" passed="341" failed="0" warnings="0" inconclusive="0" skipped="1" asserts="698">
    <environment framework-version="3.7.1.0" clr-version="4.0.30319.42000" os-version="Microsoft Windows NT 6.1.7601 Service Pack 1" platform="Win32NT" cwd="C:\Users\mmorales\Documents\Product_Verification\NUnit\net-4.5" machine-name="SDD16" user="mmorales" user-domain="METOCEANDATA" culture="en-CA" uiculture="en-US" os-architecture="x64" />
    <settings>
      <setting name="WorkDirectory" value="C:\Users\mmorales\Documents\Product_Verification\NUnit\net-4.5" />
      <setting name="NumberOfTestWorkers" value="4" />
    </settings>
    <properties>
      <property name="ParallelScope" value="Fixtures" />
      <property name="_PID" value="7524" />
      <property name="_APPDOMAIN" value="nunitlite.tests.exe" />
    </properties>
    <reason>
      <message><![CDATA[One or more child tests were ignored]]></message>
    </reason>
    <test-suite type="TestSuite" id="1386" name="NUnit" fullname="NUnit" runstate="Runnable" testcasecount="76" result="Passed" start-time="2017-08-14 18:37:41Z" end-time="2017-08-14 18:37:41Z" duration="0.160003" total="76" passed="76" failed="0" warnings="0" inconclusive="0" skipped="0" asserts="178">
      <test-suite type="TestSuite" id="1389" name="ConsoleRunner" fullname="NUnit.ConsoleRunner" runstate="Runnable" testcasecount="2" result="Passed" start-time="2017-08-14 18:37:41Z" end-time="2017-08-14 18:37:41Z" duration="0.151118" total="2" passed="2" failed="0" warnings="0" inconclusive="0" skipped="0" asserts="2">
        <test-suite type="TestSuite" id="1390" name="Tests" fullname="NUnit.ConsoleRunner.Tests" runstate="Runnable" testcasecount="2" result="Passed" start-time="2017-08-14 18:37:41Z" end-time="2017-08-14 18:37:41Z" duration="0.149488" total="2" passed="2" failed="0" warnings="0" inconclusive="0" skipped="0" asserts="2">
          <test-suite type="TestFixture" id="1380" name="DefaultOptionsProviderTests" fullname="NUnit.ConsoleRunner.Tests.DefaultOptionsProviderTests" classname="NUnit.ConsoleRunner.Tests.DefaultOptionsProviderTests" runstate="Runnable" testcasecount="2" result="Passed" start-time="2017-08-14 18:37:41Z" end-time="2017-08-14 18:37:41Z" duration="0.088013" total="2" passed="2" failed="0" warnings="0" inconclusive="0" skipped="0" asserts="2">
            <test-case id="1382" name="ShouldRetTeamCityAsFalseWhenHasNotEnvironmentVariable_TEAMCITY_PROJECT_NAME" fullname="NUnit.ConsoleRunner.Tests.DefaultOptionsProviderTests.ShouldRetTeamCityAsFalseWhenHasNotEnvironmentVariable_TEAMCITY_PROJECT_NAME" methodname="ShouldRetTeamCityAsFalseWhenHasNotEnvironmentVariable_TEAMCITY_PROJECT_NAME" classname="NUnit.ConsoleRunner.Tests.DefaultOptionsProviderTests" runstate="Runnable" seed="860864775" result="Passed" start-time="2017-08-14 18:37:41Z" end-time="2017-08-14 18:37:41Z" duration="0.001764" asserts="1" />
            <test-case id="1381" name="ShouldRetTeamCityAsTrueWhenHasEnvironmentVariable_TEAMCITY_PROJECT_NAME" fullname="NUnit.ConsoleRunner.Tests.DefaultOptionsProviderTests.ShouldRetTeamCityAsTrueWhenHasEnvironmentVariable_TEAMCITY_PROJECT_NAME" methodname="ShouldRetTeamCityAsTrueWhenHasEnvironmentVariable_TEAMCITY_PROJECT_NAME" classname="NUnit.ConsoleRunner.Tests.DefaultOptionsProviderTests" runstate="Runnable" seed="1782564107" result="Passed" start-time="2017-08-14 18:37:41Z" end-time="2017-08-14 18:37:41Z" duration="0.000890" asserts="1" />
          </test-suite>
        </test-suite>
      </test-suite>
      <test-suite type="TestSuite" id="1387" name="Common" fullname="NUnit.Common" runstate="Runnable" testcasecount="74" result="Passed" start-time="2017-08-14 18:37:41Z" end-time="2017-08-14 18:37:41Z" duration="0.158018" total="74" passed="74" failed="0" warnings="0" inconclusive="0" skipped="0" asserts="176">
        <test-suite type="TestSuite" id="1388" name="Tests" fullname="NUnit.Common.Tests" runstate="Runnable" testcasecount="74" result="Passed" start-time="2017-08-14 18:37:41Z" end-time="2017-08-14 18:37:41Z" duration="0.156125" total="74" passed="74" failed="0" warnings="0" inconclusive="0" skipped="0" asserts="176">
          <test-suite type="TestFixture" id="1297" name="ExtendedTextWrapperTests" fullname="NUnit.Common.Tests.ExtendedTextWrapperTests" classname="NUnit.Common.Tests.ExtendedTextWrapperTests" runstate="Runnable" testcasecount="8" result="Passed" start-time="2017-08-14 18:37:41Z" end-time="2017-08-14 18:37:41Z" duration="0.146028" total="8" passed="8" failed="0" warnings="0" inconclusive="0" skipped="0" asserts="8">
            <test-case id="1298" name="Write" fullname="NUnit.Common.Tests.ExtendedTextWrapperTests.Write" methodname="Write" classname="NUnit.Common.Tests.ExtendedTextWrapperTests" runstate="Runnable" seed="525697740" result="Passed" start-time="2017-08-14 18:37:41Z" end-time="2017-08-14 18:37:41Z" duration="0.019652" asserts="1" />
            <test-case id="1299" name="Write_ColorStyle" fullname="NUnit.Common.Tests.ExtendedTextWrapperTests.Write_ColorStyle" methodname="Write_ColorStyle" classname="NUnit.Common.Tests.ExtendedTextWrapperTests" runstate="Runnable" seed="1385803484" result="Passed" start-time="2017-08-14 18:37:41Z" end-time="2017-08-14 18:37:41Z" duration="0.000337" asserts="1" />
            <test-case id="1302" name="WriteLabel" fullname="NUnit.Common.Tests.ExtendedTextWrapperTests.WriteLabel" methodname="WriteLabel" classname="NUnit.Common.Tests.ExtendedTextWrapperTests" runstate="Runnable" seed="1698909587" result="Passed" start-time="2017-08-14 18:37:41Z" end-time="2017-08-14 18:37:41Z" duration="0.000413" asserts="1" />
            <test-case id="1303" name="WriteLabel_ColorStyle" fullname="NUnit.Common.Tests.ExtendedTextWrapperTests.WriteLabel_ColorStyle" methodname="WriteLabel_ColorStyle" classname="NUnit.Common.Tests.ExtendedTextWrapperTests" runstate="Runnable" seed="1406367582" result="Passed" start-time="2017-08-14 18:37:41Z" end-time="2017-08-14 18:37:41Z" duration="0.000342" asserts="1" />
            <test-case id="1304" name="WriteLabelLine" fullname="NUnit.Common.Tests.ExtendedTextWrapperTests.WriteLabelLine" methodname="WriteLabelLine" classname="NUnit.Common.Tests.ExtendedTextWrapperTests" runstate="Runnable" seed="345586126" result="Passed" start-time="2017-08-14 18:37:41Z" end-time="2017-08-14 18:37:41Z" duration="0.000462" asserts="1" />
            <test-case id="1305" name="WriteLabelLine_ColorStyle" fullname="NUnit.Common.Tests.ExtendedTextWrapperTests.WriteLabelLine_ColorStyle" methodname="WriteLabelLine_ColorStyle" classname="NUnit.Common.Tests.ExtendedTextWrapperTests" runstate="Runnable" seed="1933984934" result="Passed" start-time="2017-08-14 18:37:41Z" end-time="2017-08-14 18:37:41Z" duration="0.000323" asserts="1" />
            <test-case id="1300" name="WriteLine" fullname="NUnit.Common.Tests.ExtendedTextWrapperTests.WriteLine" methodname="WriteLine" classname="NUnit.Common.Tests.ExtendedTextWrapperTests" runstate="Runnable" seed="1939727999" result="Passed" start-time="2017-08-14 18:37:41Z" end-time="2017-08-14 18:37:41Z" duration="0.000313" asserts="1" />
            <test-case id="1301" name="WriteLine_ColorStyle" fullname="NUnit.Common.Tests.ExtendedTextWrapperTests.WriteLine_ColorStyle" methodname="WriteLine_ColorStyle" classname="NUnit.Common.Tests.ExtendedTextWrapperTests" runstate="Runnable" seed="347086150" result="Passed" start-time="2017-08-14 18:37:41Z" end-time="2017-08-14 18:37:41Z" duration="0.000336" asserts="1" />
          </test-suite>
          <test-suite type="TestFixture" id="1318" name="TestNameParserTests" fullname="NUnit.Common.Tests.TestNameParserTests" classname="NUnit.Common.Tests.TestNameParserTests" runstate="Runnable" testcasecount="13" result="Passed" start-time="2017-08-14 18:37:41Z" end-time="2017-08-14 18:37:41Z" duration="0.146918" total="13" passed="13" failed="0" warnings="0" inconclusive="0" skipped="0" asserts="30">
            <test-suite type="ParameterizedMethod" id="1328" name="SingleName" fullname="NUnit.Common.Tests.TestNameParserTests.SingleName" classname="NUnit.Common.Tests.TestNameParserTests" runstate="Runnable" testcasecount="9" result="Passed" start-time="2017-08-14 18:37:41Z" end-time="2017-08-14 18:37:41Z" duration="0.042012" total="9" passed="9" failed="0" warnings="0" inconclusive="0" skipped="0" asserts="18">
              <test-case id="1319" name="SingleName(&quot;Test.Namespace.Fixture.Method&quot;)" fullname="NUnit.Common.Tests.TestNameParserTests.SingleName(&quot;Test.Namespace.Fixture.Method&quot;)" methodname="SingleName" classname="NUnit.Common.Tests.TestNameParserTests" runstate="Runnable" seed="1734817616" result="Passed" start-time="2017-08-14 18:37:41Z" end-time="2017-08-14 18:37:41Z" duration="0.018398" asserts="2" />
              <test-case id="1320" name="SingleName(&quot;Test.Namespace.Fixture.Method,&quot;)" fullname="NUnit.Common.Tests.TestNameParserTests.SingleName(&quot;Test.Namespace.Fixture.Method,&quot;)" methodname="SingleName" classname="NUnit.Common.Tests.TestNameParserTests" runstate="Runnable" seed="1076524435" result="Passed" start-time="2017-08-14 18:37:41Z" end-time="2017-08-14 18:37:41Z" duration="0.000105" asserts="2" />
              <test-case id="1321" name="SingleName(&quot;  Test.Namespace.Fixture.Method  &quot;)" fullname="NUnit.Common.Tests.TestNameParserTests.SingleName(&quot;  Test.Namespace.Fixture.Method  &quot;)" methodname="SingleName" classname="NUnit.Common.Tests.TestNameParserTests" runstate="Runnable" seed="1200060177" result="Passed" start-time="2017-08-14 18:37:41Z" end-time="2017-08-14 18:37:41Z" duration="0.000391" asserts="2" />
              <test-case id="1322" name="SingleName(&quot;  Test.Namespace.Fixture.Method  ,&quot;)" fullname="NUnit.Common.Tests.TestNameParserTests.SingleName(&quot;  Test.Namespace.Fixture.Method  ,&quot;)" methodname="SingleName" classname="NUnit.Common.Tests.TestNameParserTests" runstate="Runnable" seed="36066260" result="Passed" start-time="2017-08-14 18:37:41Z" end-time="2017-08-14 18:37:41Z" duration="0.000089" asserts="2" />
              <test-case id="1323" name="SingleName(&quot;Test.Namespace.Fixture.Method()&quot;)" fullname="NUnit.Common.Tests.TestNameParserTests.SingleName(&quot;Test.Namespace.Fixture.Method()&quot;)" methodname="SingleName" classname="NUnit.Common.Tests.TestNameParserTests" runstate="Runnable" seed="1702573634" result="Passed" start-time="2017-08-14 18:37:41Z" end-time="2017-08-14 18:37:41Z" duration="0.000062" asserts="2" />
              <test-case id="1324" name="SingleName(&quot;Test.Namespace.Fixture.Method(\&quot;string,argument\&quot;)&quot;)" fullname="NUnit.Common.Tests.TestNameParserTests.SingleName(&quot;Test.Namespace.Fixture.Method(\&quot;string,argument\&quot;)&quot;)" methodname="SingleName" classname="NUnit.Common.Tests.TestNameParserTests" runstate="Runnable" seed="195805" result="Passed" start-time="2017-08-14 18:37:41Z" end-time="2017-08-14 18:37:41Z" duration="0.000056" asserts="2" />
              <test-case id="1325" name="SingleName(&quot;Test.Namespace.Fixture.Method(1,2,3)&quot;)" fullname="NUnit.Common.Tests.TestNameParserTests.SingleName(&quot;Test.Namespace.Fixture.Method(1,2,3)&quot;)" methodname="SingleName" classname="NUnit.Common.Tests.TestNameParserTests" runstate="Runnable" seed="2145616221" result="Passed" start-time="2017-08-14 18:37:41Z" end-time="2017-08-14 18:37:41Z" duration="0.000053" asserts="2" />
              <test-case id="1326" name="SingleName(&quot;Test.Namespace.Fixture.Method&lt;int,int&gt;()&quot;)" fullname="NUnit.Common.Tests.TestNameParserTests.SingleName(&quot;Test.Namespace.Fixture.Method&lt;int,int&gt;()&quot;)" methodname="SingleName" classname="NUnit.Common.Tests.TestNameParserTests" runstate="Runnable" seed="1995390477" result="Passed" start-time="2017-08-14 18:37:41Z" end-time="2017-08-14 18:37:41Z" duration="0.000093" asserts="2" />
              <test-case id="1327" name="SingleName(&quot;Test.Namespace.Fixture.Method(\&quot;)\&quot;)&quot;)" fullname="NUnit.Common.Tests.TestNameParserTests.SingleName(&quot;Test.Namespace.Fixture.Method(\&quot;)\&quot;)&quot;)" methodname="SingleName" classname="NUnit.Common.Tests.TestNameParserTests" runstate="Runnable" seed="1904020898" result="Passed" start-time="2017-08-14 18:37:41Z" end-time="2017-08-14 18:37:41Z" duration="0.000049" asserts="2" />
            </test-suite>
            <test-suite type="ParameterizedMethod" id="1333" name="TwoNames" fullname="NUnit.Common.Tests.TestNameParserTests.TwoNames" classname="NUnit.Common.Tests.TestNameParserTests" runstate="Runnable" testcasecount="4" result="Passed" start-time="2017-08-14 18:37:41Z" end-time="2017-08-14 18:37:41Z" duration="0.008002" total="4" passed="4" failed="0" warnings="0" inconclusive="0" skipped="0" asserts="12">
              <test-case id="1329" name="TwoNames(&quot;Test.Namespace.Fixture.Method1&quot;,&quot;Test.Namespace.Fixture.Method2&quot;)" fullname="NUnit.Common.Tests.TestNameParserTests.TwoNames(&quot;Test.Namespace.Fixture.Method1&quot;,&quot;Test.Namespace.Fixture.Method2&quot;)" methodname="TwoNames" classname="NUnit.Common.Tests.TestNameParserTests" runstate="Runnable" seed="425997197" result="Passed" start-time="2017-08-14 18:37:41Z" end-time="2017-08-14 18:37:41Z" duration="0.000505" asserts="3" />
              <test-case id="1330" name="TwoNames(&quot;Test.Namespace.Fixture.Method1&quot;,&quot;Test.Namespace.Fixture.Method2,&quot;)" fullname="NUnit.Common.Tests.TestNameParserTests.TwoNames(&quot;Test.Namespace.Fixture.Method1&quot;,&quot;Test.Namespace.Fixture.Method2,&quot;)" methodname="TwoNames" classname="NUnit.Common.Tests.TestNameParserTests" runstate="Runnable" seed="1319374332" result="Passed" start-time="2017-08-14 18:37:41Z" end-time="2017-08-14 18:37:41Z" duration="0.000038" asserts="3" />
              <test-case id="1331" name="TwoNames(&quot;Test.Namespace.Fixture.Method1(1,2)&quot;,&quot;Test.Namespace.Fixture.Method2(3,4)&quot;)" fullname="NUnit.Common.Tests.TestNameParserTests.TwoNames(&quot;Test.Namespace.Fixture.Method1(1,2)&quot;,&quot;Test.Namespace.Fixture.Method2(3,4)&quot;)" methodname="TwoNames" classname="NUnit.Common.Tests.TestNameParserTests" runstate="Runnable" seed="581525869" result="Passed" start-time="2017-08-14 18:37:41Z" end-time="2017-08-14 18:37:41Z" duration="0.000052" asserts="3" />
              <test-case id="1332" name="TwoNames(&quot;Test.Namespace.Fixture.Method1(\&quot;(\&quot;)&quot;,&quot;Test.Namespace.Fixture.Method2(\&quot;&lt;\&quot;)&quot;)" fullname="NUnit.Common.Tests.TestNameParserTests.TwoNames(&quot;Test.Namespace.Fixture.Method1(\&quot;(\&quot;)&quot;,&quot;Test.Namespace.Fixture.Method2(\&quot;&lt;\&quot;)&quot;)" methodname="TwoNames" classname="NUnit.Common.Tests.TestNameParserTests" runstate="Runnable" seed="1146005957" result="Passed" start-time="2017-08-14 18:37:41Z" end-time="2017-08-14 18:37:41Z" duration="0.000046" asserts="3" />
            </test-suite>
          </test-suite>
          <test-suite type="TestFixture" id="1306" name="OutputSpecificationTests" fullname="NUnit.Common.Tests.OutputSpecificationTests" classname="NUnit.Common.Tests.OutputSpecificationTests" runstate="Runnable" testcasecount="11" result="Passed" start-time="2017-08-14 18:37:41Z" end-time="2017-08-14 18:37:41Z" duration="0.148019" total="11" passed="11" failed="0" warnings="0" inconclusive="0" skipped="0" asserts="21">
            <test-case id="1310" name="FileNameOnly" fullname="NUnit.Common.Tests.OutputSpecificationTests.FileNameOnly" methodname="FileNameOnly" classname="NUnit.Common.Tests.OutputSpecificationTests" runstate="Runnable" seed="1755433689" result="Passed" start-time="2017-08-14 18:37:41Z" end-time="2017-08-14 18:37:41Z" duration="0.019547" asserts="3" />
            <test-case id="1311" name="FileNamePlusFormat" fullname="NUnit.Common.Tests.OutputSpecificationTests.FileNamePlusFormat" methodname="FileNamePlusFormat" classname="NUnit.Common.Tests.OutputSpecificationTests" runstate="Runnable" seed="1107663459" result="Passed" start-time="2017-08-14 18:37:41Z" end-time="2017-08-14 18:37:41Z" duration="0.000334" asserts="3" />
            <test-case id="1312" name="FileNamePlusTransform" fullname="NUnit.Common.Tests.OutputSpecificationTests.FileNamePlusTransform" methodname="FileNamePlusTransform" classname="NUnit.Common.Tests.OutputSpecificationTests" runstate="Runnable" seed="2054656309" result="Passed" start-time="2017-08-14 18:37:41Z" end-time="2017-08-14 18:37:41Z" duration="0.000351" asserts="3" />
            <test-case id="1315" name="MultipleFormatSpecifiersNotAllowed" fullname="NUnit.Common.Tests.OutputSpecificationTests.MultipleFormatSpecifiersNotAllowed" methodname="MultipleFormatSpecifiersNotAllowed" classname="NUnit.Common.Tests.OutputSpecificationTests" runstate="Runnable" seed="779857934" result="Passed" start-time="2017-08-14 18:37:41Z" end-time="2017-08-14 18:37:41Z" duration="0.012950" asserts="1" />
            <test-case id="1316" name="MultipleTransformSpecifiersNotAllowed" fullname="NUnit.Common.Tests.OutputSpecificationTests.MultipleTransformSpecifiersNotAllowed" methodname="MultipleTransformSpecifiersNotAllowed" classname="NUnit.Common.Tests.OutputSpecificationTests" runstate="Runnable" seed="1448952754" result="Passed" start-time="2017-08-14 18:37:41Z" end-time="2017-08-14 18:37:41Z" duration="0.000638" asserts="1" />
            <test-case id="1307" name="SpecMayNotBeNull" fullname="NUnit.Common.Tests.OutputSpecificationTests.SpecMayNotBeNull" methodname="SpecMayNotBeNull" classname="NUnit.Common.Tests.OutputSpecificationTests" runstate="Runnable" seed="86411009" result="Passed" start-time="2017-08-14 18:37:41Z" end-time="2017-08-14 18:37:41Z" duration="0.000615" asserts="1" />
            <test-case id="1308" name="SpecOptionMustContainEqualSign" fullname="NUnit.Common.Tests.OutputSpecificationTests.SpecOptionMustContainEqualSign" methodname="SpecOptionMustContainEqualSign" classname="NUnit.Common.Tests.OutputSpecificationTests" runstate="Runnable" seed="919095524" result="Passed" start-time="2017-08-14 18:37:41Z" end-time="2017-08-14 18:37:41Z" duration="0.000931" asserts="1" />
            <test-case id="1309" name="SpecOptionMustContainJustOneEqualSign" fullname="NUnit.Common.Tests.OutputSpecificationTests.SpecOptionMustContainJustOneEqualSign" methodname="SpecOptionMustContainJustOneEqualSign" classname="NUnit.Common.Tests.OutputSpecificationTests" runstate="Runnable" seed="1068768285" result="Passed" start-time="2017-08-14 18:37:41Z" end-time="2017-08-14 18:37:41Z" duration="0.000681" asserts="1" />
            <test-case id="1317" name="TransformWithNonUserFormatNotAllowed" fullname="NUnit.Common.Tests.OutputSpecificationTests.TransformWithNonUserFormatNotAllowed" methodname="TransformWithNonUserFormatNotAllowed" classname="NUnit.Common.Tests.OutputSpecificationTests" runstate="Runnable" seed="116353329" result="Passed" start-time="2017-08-14 18:37:41Z" end-time="2017-08-14 18:37:41Z" duration="0.000690" asserts="1" />
            <test-case id="1313" name="UserFormatMayBeIndicatedExplicitlyAfterTransform" fullname="NUnit.Common.Tests.OutputSpecificationTests.UserFormatMayBeIndicatedExplicitlyAfterTransform" methodname="UserFormatMayBeIndicatedExplicitlyAfterTransform" classname="NUnit.Common.Tests.OutputSpecificationTests" runstate="Runnable" seed="549019449" result="Passed" start-time="2017-08-14 18:37:41Z" end-time="2017-08-14 18:37:41Z" duration="0.000448" asserts="3" />
            <test-case id="1314" name="UserFormatMayBeIndicatedExplicitlyBeforeTransform" fullname="NUnit.Common.Tests.OutputSpecificationTests.UserFormatMayBeIndicatedExplicitlyBeforeTransform" methodname="UserFormatMayBeIndicatedExplicitlyBeforeTransform" classname="NUnit.Common.Tests.OutputSpecificationTests" runstate="Runnable" seed="1771340669" result="Passed" start-time="2017-08-14 18:37:41Z" end-time="2017-08-14 18:37:41Z" duration="0.000414" asserts="3" />
          </test-suite>
          <test-suite type="TestFixture" id="1367" name="TokenizerTests" fullname="NUnit.Common.Tests.TokenizerTests" classname="NUnit.Common.Tests.TokenizerTests" runstate="Runnable" testcasecount="12" result="Passed" start-time="2017-08-14 18:37:41Z" end-time="2017-08-14 18:37:41Z" duration="0.106008" total="12" passed="12" failed="0" warnings="0" inconclusive="0" skipped="0" asserts="61">
            <test-case id="1369" name="BlankStringReturnsEof" fullname="NUnit.Common.Tests.TokenizerTests.BlankStringReturnsEof" methodname="BlankStringReturnsEof" classname="NUnit.Common.Tests.TokenizerTests" runstate="Runnable" seed="1652002273" result="Passed" start-time="2017-08-14 18:37:41Z" end-time="2017-08-14 18:37:41Z" duration="0.002073" asserts="3" />
            <test-case id="1370" name="IdentifierTokens" fullname="NUnit.Common.Tests.TokenizerTests.IdentifierTokens" methodname="IdentifierTokens" classname="NUnit.Common.Tests.TokenizerTests" runstate="Runnable" seed="1188323621" result="Passed" start-time="2017-08-14 18:37:41Z" end-time="2017-08-14 18:37:41Z" duration="0.000643" asserts="5" />
            <test-case id="1379" name="MixedTokens_Complex" fullname="NUnit.Common.Tests.TokenizerTests.MixedTokens_Complex" methodname="MixedTokens_Complex" classname="NUnit.Common.Tests.TokenizerTests" runstate="Runnable" seed="1211707785" result="Passed" start-time="2017-08-14 18:37:41Z" end-time="2017-08-14 18:37:41Z" duration="0.001378" asserts="14" />
            <test-case id="1378" name="MixedTokens_Simple" fullname="NUnit.Common.Tests.TokenizerTests.MixedTokens_Simple" methodname="MixedTokens_Simple" classname="NUnit.Common.Tests.TokenizerTests" runstate="Runnable" seed="562618452" result="Passed" start-time="2017-08-14 18:37:41Z" end-time="2017-08-14 18:37:41Z" duration="0.000584" asserts="4" />
            <test-case id="1368" name="NullInputThrowsException" fullname="NUnit.Common.Tests.TokenizerTests.NullInputThrowsException" methodname="NullInputThrowsException" classname="NUnit.Common.Tests.TokenizerTests" runstate="Runnable" seed="1862542343" result="Passed" start-time="2017-08-14 18:37:41Z" end-time="2017-08-14 18:37:41Z" duration="0.000823" asserts="1" />
            <test-case id="1375" name="StringsMayContainEscapedQuoteChar" fullname="NUnit.Common.Tests.TokenizerTests.StringsMayContainEscapedQuoteChar" methodname="StringsMayContainEscapedQuoteChar" classname="NUnit.Common.Tests.TokenizerTests" runstate="Runnable" seed="28812299" result="Passed" start-time="2017-08-14 18:37:41Z" end-time="2017-08-14 18:37:41Z" duration="0.000612" asserts="4" />
            <test-case id="1372" name="StringWithDoubleQuotes" fullname="NUnit.Common.Tests.TokenizerTests.StringWithDoubleQuotes" methodname="StringWithDoubleQuotes" classname="NUnit.Common.Tests.TokenizerTests" runstate="Runnable" seed="1586293888" result="Passed" start-time="2017-08-14 18:37:41Z" end-time="2017-08-14 18:37:41Z" duration="0.000630" asserts="4" />
            <test-case id="1373" name="StringWithSingleQuotes" fullname="NUnit.Common.Tests.TokenizerTests.StringWithSingleQuotes" methodname="StringWithSingleQuotes" classname="NUnit.Common.Tests.TokenizerTests" runstate="Runnable" seed="319909260" result="Passed" start-time="2017-08-14 18:37:41Z" end-time="2017-08-14 18:37:41Z" duration="0.000576" asserts="4" />
            <test-case id="1374" name="StringWithSlashes" fullname="NUnit.Common.Tests.TokenizerTests.StringWithSlashes" methodname="StringWithSlashes" classname="NUnit.Common.Tests.TokenizerTests" runstate="Runnable" seed="1188312361" result="Passed" start-time="2017-08-14 18:37:41Z" end-time="2017-08-14 18:37:41Z" duration="0.000909" asserts="4" />
            <test-case id="1377" name="SymbolTokens_DoubleChar" fullname="NUnit.Common.Tests.TokenizerTests.SymbolTokens_DoubleChar" methodname="SymbolTokens_DoubleChar" classname="NUnit.Common.Tests.TokenizerTests" runstate="Runnable" seed="1821708697" result="Passed" start-time="2017-08-14 18:37:41Z" end-time="2017-08-14 18:37:41Z" duration="0.001025" asserts="7" />
            <test-case id="1376" name="SymbolTokens_SingleChar" fullname="NUnit.Common.Tests.TokenizerTests.SymbolTokens_SingleChar" methodname="SymbolTokens_SingleChar" classname="NUnit.Common.Tests.TokenizerTests" runstate="Runnable" seed="1971948138" result="Passed" start-time="2017-08-14 18:37:41Z" end-time="2017-08-14 18:37:41Z" duration="0.000978" asserts="7" />
            <test-case id="1371" name="WordsInUnicode" fullname="NUnit.Common.Tests.TokenizerTests.WordsInUnicode" methodname="WordsInUnicode" classname="NUnit.Common.Tests.TokenizerTests" runstate="Runnable" seed="1806304339" result="Passed" start-time="2017-08-14 18:37:41Z" end-time="2017-08-14 18:37:41Z" duration="0.000638" asserts="4" />
          </test-suite>
          <test-suite type="TestFixture" id="1334" name="TestSelectionParserTests" fullname="NUnit.Common.Tests.TestSelectionParserTests" classname="NUnit.Common.Tests.TestSelectionParserTests" runstate="Runnable" testcasecount="30" result="Passed" start-time="2017-08-14 18:37:41Z" end-time="2017-08-14 18:37:41Z" duration="0.150193" total="30" passed="30" failed="0" warnings="0" inconclusive="0" skipped="0" asserts="56">
            <test-suite type="ParameterizedMethod" id="1361" name="TestParser" fullname="NUnit.Common.Tests.TestSelectionParserTests.TestParser" classname="NUnit.Common.Tests.TestSelectionParserTests" runstate="Runnable" testcasecount="26" result="Passed" start-time="2017-08-14 18:37:41Z" end-time="2017-08-14 18:37:41Z" duration="0.076901" total="26" passed="26" failed="0" warnings="0" inconclusive="0" skipped="0" asserts="52">
              <test-case id="1335" name="TestParser(&quot;cat=Urgent&quot;,&quot;&lt;cat&gt;Urgent&lt;/cat&gt;&quot;)" fullname="NUnit.Common.Tests.TestSelectionParserTests.TestParser(&quot;cat=Urgent&quot;,&quot;&lt;cat&gt;Urgent&lt;/cat&gt;&quot;)" methodname="TestParser" classname="NUnit.Common.Tests.TestSelectionParserTests" runstate="Runnable" seed="1702361884" result="Passed" start-time="2017-08-14 18:37:41Z" end-time="2017-08-14 18:37:41Z" duration="0.025385" asserts="2" />
              <test-case id="1336" name="TestParser(&quot;cat==Urgent&quot;,&quot;&lt;cat&gt;Urgent&lt;/cat&gt;&quot;)" fullname="NUnit.Common.Tests.TestSelectionParserTests.TestParser(&quot;cat==Urgent&quot;,&quot;&lt;cat&gt;Urgent&lt;/cat&gt;&quot;)" methodname="TestParser" classname="NUnit.Common.Tests.TestSelectionParserTests" runstate="Runnable" seed="1360713382" result="Passed" start-time="2017-08-14 18:37:41Z" end-time="2017-08-14 18:37:41Z" duration="0.000216" asserts="2" />
              <test-case id="1337" name="TestParser(&quot;cat!=Urgent&quot;,&quot;&lt;not&gt;&lt;cat&gt;Urgent&lt;/cat&gt;&lt;/not&gt;&quot;)" fullname="NUnit.Common.Tests.TestSelectionParserTests.TestParser(&quot;cat!=Urgent&quot;,&quot;&lt;not&gt;&lt;cat&gt;Urgent&lt;/cat&gt;&lt;/not&gt;&quot;)" methodname="TestParser" classname="NUnit.Common.Tests.TestSelectionParserTests" runstate="Runnable" seed="23946602" result="Passed" start-time="2017-08-14 18:37:41Z" end-time="2017-08-14 18:37:41Z" duration="0.000232" asserts="2" />
              <test-case id="1338" name="TestParser(&quot;cat =~ Urgent&quot;,&quot;&lt;cat re='1'&gt;Urgent&lt;/cat&gt;&quot;)" fullname="NUnit.Common.Tests.TestSelectionParserTests.TestParser(&quot;cat =~ Urgent&quot;,&quot;&lt;cat re='1'&gt;Urgent&lt;/cat&gt;&quot;)" methodname="TestParser" classname="NUnit.Common.Tests.TestSelectionParserTests" runstate="Runnable" seed="1704513912" result="Passed" start-time="2017-08-14 18:37:41Z" end-time="2017-08-14 18:37:41Z" duration="0.000189" asserts="2" />
              <test-case id="1339" name="TestParser(&quot;cat !~ Urgent&quot;,&quot;&lt;not&gt;&lt;cat re='1'&gt;Urgent&lt;/cat&gt;&lt;/not&gt;&quot;)" fullname="NUnit.Common.Tests.TestSelectionParserTests.TestParser(&quot;cat !~ Urgent&quot;,&quot;&lt;not&gt;&lt;cat re='1'&gt;Urgent&lt;/cat&gt;&lt;/not&gt;&quot;)" methodname="TestParser" classname="NUnit.Common.Tests.TestSelectionParserTests" runstate="Runnable" seed="1344947587" result="Passed" start-time="2017-08-14 18:37:41Z" end-time="2017-08-14 18:37:41Z" duration="0.000141" asserts="2" />
              <test-case id="1340" name="TestParser(&quot;cat = Urgent || cat = High&quot;,&quot;&lt;or&gt;&lt;cat&gt;Urgent&lt;/cat&gt;&lt;cat&gt;High&lt;/cat&gt;&lt;/or&gt;&quot;)" fullname="NUnit.Common.Tests.TestSelectionParserTests.TestParser(&quot;cat = Urgent || cat = High&quot;,&quot;&lt;or&gt;&lt;cat&gt;Urgent&lt;/cat&gt;&lt;cat&gt;High&lt;/cat&gt;&lt;/or&gt;&quot;)" methodname="TestParser" classname="NUnit.Common.Tests.TestSelectionParserTests" runstate="Runnable" seed="658605156" result="Passed" start-time="2017-08-14 18:37:41Z" end-time="2017-08-14 18:37:41Z" duration="0.000135" asserts="2" />
              <test-case id="1341" name="TestParser(&quot;Priority == High&quot;,&quot;&lt;prop name='Priority'&gt;High&lt;/prop&gt;&quot;)" fullname="NUnit.Common.Tests.TestSelectionParserTests.TestParser(&quot;Priority == High&quot;,&quot;&lt;prop name='Priority'&gt;High&lt;/prop&gt;&quot;)" methodname="TestParser" classname="NUnit.Common.Tests.TestSelectionParserTests" runstate="Runnable" seed="2106089541" result="Passed" start-time="2017-08-14 18:37:41Z" end-time="2017-08-14 18:37:41Z" duration="0.000540" asserts="2" />
              <test-case id="1342" name="TestParser(&quot;Priority != Urgent&quot;,&quot;&lt;not&gt;&lt;prop name='Priority'&gt;Urgent&lt;/prop&gt;&lt;/not&gt;&quot;)" fullname="NUnit.Common.Tests.TestSelectionParserTests.TestParser(&quot;Priority != Urgent&quot;,&quot;&lt;not&gt;&lt;prop name='Priority'&gt;Urgent&lt;/prop&gt;&lt;/not&gt;&quot;)" methodname="TestParser" classname="NUnit.Common.Tests.TestSelectionParserTests" runstate="Runnable" seed="1476182202" result="Passed" start-time="2017-08-14 18:37:41Z" end-time="2017-08-14 18:37:41Z" duration="0.000215" asserts="2" />
              <test-case id="1343" name="TestParser(&quot;Author =~ Jones&quot;,&quot;&lt;prop name='Author' re='1'&gt;Jones&lt;/prop&gt;&quot;)" fullname="NUnit.Common.Tests.TestSelectionParserTests.TestParser(&quot;Author =~ Jones&quot;,&quot;&lt;prop name='Author' re='1'&gt;Jones&lt;/prop&gt;&quot;)" methodname="TestParser" classname="NUnit.Common.Tests.TestSelectionParserTests" runstate="Runnable" seed="1275903407" result="Passed" start-time="2017-08-14 18:37:41Z" end-time="2017-08-14 18:37:41Z" duration="0.000482" asserts="2" />
              <test-case id="1344" name="TestParser(&quot;Author !~ Jones&quot;,&quot;&lt;not&gt;&lt;prop name='Author' re='1'&gt;Jones&lt;/prop&gt;&lt;/not&gt;&quot;)" fullname="NUnit.Common.Tests.TestSelectionParserTests.TestParser(&quot;Author !~ Jones&quot;,&quot;&lt;not&gt;&lt;prop name='Author' re='1'&gt;Jones&lt;/prop&gt;&lt;/not&gt;&quot;)" methodname="TestParser" classname="NUnit.Common.Tests.TestSelectionParserTests" runstate="Runnable" seed="2040642382" result="Passed" start-time="2017-08-14 18:37:41Z" end-time="2017-08-14 18:37:41Z" duration="0.000136" asserts="2" />
              <test-case id="1345" name="TestParser(&quot;name='SomeTest'&quot;,&quot;&lt;name&gt;SomeTest&lt;/name&gt;&quot;)" fullname="NUnit.Common.Tests.TestSelectionParserTests.TestParser(&quot;name='SomeTest'&quot;,&quot;&lt;name&gt;SomeTest&lt;/name&gt;&quot;)" methodname="TestParser" classname="NUnit.Common.Tests.TestSelectionParserTests" runstate="Runnable" seed="1455864841" result="Passed" start-time="2017-08-14 18:37:41Z" end-time="2017-08-14 18:37:41Z" duration="0.000567" asserts="2" />
              <test-case id="1346" name="TestParser(&quot;method=TestMethod&quot;,&quot;&lt;method&gt;TestMethod&lt;/method&gt;&quot;)" fullname="NUnit.Common.Tests.TestSelectionParserTests.TestParser(&quot;method=TestMethod&quot;,&quot;&lt;method&gt;TestMethod&lt;/method&gt;&quot;)" methodname="TestParser" classname="NUnit.Common.Tests.TestSelectionParserTests" runstate="Runnable" seed="1607570722" result="Passed" start-time="2017-08-14 18:37:41Z" end-time="2017-08-14 18:37:41Z" duration="0.000142" asserts="2" />
              <test-case id="1347" name="TestParser(&quot;method=Test1||method=Test2||method=Test3&quot;,&quot;&lt;or&gt;&lt;method&gt;Test1&lt;/method&gt;&lt;method&gt;Test2&lt;/method&gt;&lt;method&gt;Test3&lt;/method&gt;&lt;/or&gt;&quot;)" fullname="NUnit.Common.Tests.TestSelectionParserTests.TestParser(&quot;method=Test1||method=Test2||method=Test3&quot;,&quot;&lt;or&gt;&lt;method&gt;Test1&lt;/method&gt;&lt;method&gt;Test2&lt;/method&gt;&lt;method&gt;Test3&lt;/method&gt;&lt;/or&gt;&quot;)" methodname="TestParser" classname="NUnit.Common.Tests.TestSelectionParserTests" runstate="Runnable" seed="1495814546" result="Passed" start-time="2017-08-14 18:37:41Z" end-time="2017-08-14 18:37:41Z" duration="0.000129" asserts="2" />
              <test-case id="1348" name="TestParser(&quot;test='My.Test.Fixture.Method(42)'&quot;,&quot;&lt;test&gt;My.Test.Fixture.Method(42)&lt;/test&gt;&quot;)" fullname="NUnit.Common.Tests.TestSelectionParserTests.TestParser(&quot;test='My.Test.Fixture.Method(42)'&quot;,&quot;&lt;test&gt;My.Test.Fixture.Method(42)&lt;/test&gt;&quot;)" methodname="TestParser" classname="NUnit.Common.Tests.TestSelectionParserTests" runstate="Runnable" seed="1588566181" result="Passed" start-time="2017-08-14 18:37:41Z" end-time="2017-08-14 18:37:41Z" duration="0.000181" asserts="2" />
              <test-case id="1349" name="TestParser(&quot;test='My.Test.Fixture.Method(\&quot;xyz\&quot;)'&quot;,&quot;&lt;test&gt;My.Test.Fixture.Method(&amp;quot;xyz&amp;quot;)&lt;/test&gt;&quot;)" fullname="NUnit.Common.Tests.TestSelectionParserTests.TestParser(&quot;test='My.Test.Fixture.Method(\&quot;xyz\&quot;)'&quot;,&quot;&lt;test&gt;My.Test.Fixture.Method(&amp;quot;xyz&amp;quot;)&lt;/test&gt;&quot;)" methodname="TestParser" classname="NUnit.Common.Tests.TestSelectionParserTests" runstate="Runnable" seed="1877322556" result="Passed" start-time="2017-08-14 18:37:41Z" end-time="2017-08-14 18:37:41Z" duration="0.000147" asserts="2" />
              <test-case id="1350" name="TestParser(&quot;test='My.Test.Fixture.Method(\&quot;abc\\'s\&quot;)'&quot;,&quot;&lt;test&gt;My.Test.Fixture.Method(&amp;quot;abc&amp;apos;s&amp;quot;)&lt;/test&gt;&quot;)" fullname="NUnit.Common.Tests.TestSelectionParserTests.TestParser(&quot;test='My.Test.Fixture.Method(\&quot;abc\\'s\&quot;)'&quot;,&quot;&lt;test&gt;My.Test.Fixture.Method(&amp;quot;abc&amp;apos;s&amp;quot;)&lt;/test&gt;&quot;)" methodname="TestParser" classname="NUnit.Common.Tests.TestSelectionParserTests" runstate="Runnable" seed="711092170" result="Passed" start-time="2017-08-14 18:37:41Z" end-time="2017-08-14 18:37:41Z" duration="0.000146" asserts="2" />
              <test-case id="1351" name="TestParser(&quot;test='My.Test.Fixture.Method(\&quot;x&amp;y&amp;z\&quot;)'&quot;,&quot;&lt;test&gt;My.Test.Fixture.Method(&amp;quot;x&amp;amp;y&amp;amp;z&amp;quot;)&lt;/test&gt;&quot;)" fullname="NUnit.Common.Tests.TestSelectionParserTests.TestParser(&quot;test='My.Test.Fixture.Method(\&quot;x&amp;y&amp;z\&quot;)'&quot;,&quot;&lt;test&gt;My.Test.Fixture.Method(&amp;quot;x&amp;amp;y&amp;amp;z&amp;quot;)&lt;/test&gt;&quot;)" methodname="TestParser" classname="NUnit.Common.Tests.TestSelectionParserTests" runstate="Runnable" seed="638083843" result="Passed" start-time="2017-08-14 18:37:41Z" end-time="2017-08-14 18:37:41Z" duration="0.000199" asserts="2" />
              <test-case id="1352" name="TestParser(&quot;test='My.Test.Fixture.Method(\&quot;&lt;xyz&gt;\&quot;)'&quot;,&quot;&lt;test&gt;My.Test.Fixture.Method(&amp;quot;&amp;lt;xyz&amp;gt;&amp;quot;)&lt;/test&gt;&quot;)" fullname="NUnit.Common.Tests.TestSelectionParserTests.TestParser(&quot;test='My.Test.Fixture.Method(\&quot;&lt;xyz&gt;\&quot;)'&quot;,&quot;&lt;test&gt;My.Test.Fixture.Method(&amp;quot;&amp;lt;xyz&amp;gt;&amp;quot;)&lt;/test&gt;&quot;)" methodname="TestParser" classname="NUnit.Common.Tests.TestSelectionParserTests" runstate="Runnable" seed="551949317" result="Passed" start-time="2017-08-14 18:37:41Z" end-time="2017-08-14 18:37:41Z" duration="0.000169" asserts="2" />
              <test-case id="1353" name="TestParser(&quot;cat==Urgent &amp;&amp; test=='My.Tests'&quot;,&quot;&lt;and&gt;&lt;cat&gt;Urgent&lt;/cat&gt;&lt;test&gt;My.Tests&lt;/test&gt;&lt;/and&gt;&quot;)" fullname="NUnit.Common.Tests.TestSelectionParserTests.TestParser(&quot;cat==Urgent &amp;&amp; test=='My.Tests'&quot;,&quot;&lt;and&gt;&lt;cat&gt;Urgent&lt;/cat&gt;&lt;test&gt;My.Tests&lt;/test&gt;&lt;/and&gt;&quot;)" methodname="TestParser" classname="NUnit.Common.Tests.TestSelectionParserTests" runstate="Runnable" seed="1821212155" result="Passed" start-time="2017-08-14 18:37:41Z" end-time="2017-08-14 18:37:41Z" duration="0.000160" asserts="2" />
              <test-case id="1354" name="TestParser(&quot;cat==Urgent and test=='My.Tests'&quot;,&quot;&lt;and&gt;&lt;cat&gt;Urgent&lt;/cat&gt;&lt;test&gt;My.Tests&lt;/test&gt;&lt;/and&gt;&quot;)" fullname="NUnit.Common.Tests.TestSelectionParserTests.TestParser(&quot;cat==Urgent and test=='My.Tests'&quot;,&quot;&lt;and&gt;&lt;cat&gt;Urgent&lt;/cat&gt;&lt;test&gt;My.Tests&lt;/test&gt;&lt;/and&gt;&quot;)" methodname="TestParser" classname="NUnit.Common.Tests.TestSelectionParserTests" runstate="Runnable" seed="1600103984" result="Passed" start-time="2017-08-14 18:37:41Z" end-time="2017-08-14 18:37:41Z" duration="0.000184" asserts="2" />
              <test-case id="1355" name="TestParser(&quot;cat==Urgent || test=='My.Tests'&quot;,&quot;&lt;or&gt;&lt;cat&gt;Urgent&lt;/cat&gt;&lt;test&gt;My.Tests&lt;/test&gt;&lt;/or&gt;&quot;)" fullname="NUnit.Common.Tests.TestSelectionParserTests.TestParser(&quot;cat==Urgent || test=='My.Tests'&quot;,&quot;&lt;or&gt;&lt;cat&gt;Urgent&lt;/cat&gt;&lt;test&gt;My.Tests&lt;/test&gt;&lt;/or&gt;&quot;)" methodname="TestParser" classname="NUnit.Common.Tests.TestSelectionParserTests" runstate="Runnable" seed="1032090560" result="Passed" start-time="2017-08-14 18:37:41Z" end-time="2017-08-14 18:37:41Z" duration="0.000185" asserts="2" />
              <test-case id="1356" name="TestParser(&quot;cat==Urgent or test=='My.Tests'&quot;,&quot;&lt;or&gt;&lt;cat&gt;Urgent&lt;/cat&gt;&lt;test&gt;My.Tests&lt;/test&gt;&lt;/or&gt;&quot;)" fullname="NUnit.Common.Tests.TestSelectionParserTests.TestParser(&quot;cat==Urgent or test=='My.Tests'&quot;,&quot;&lt;or&gt;&lt;cat&gt;Urgent&lt;/cat&gt;&lt;test&gt;My.Tests&lt;/test&gt;&lt;/or&gt;&quot;)" methodname="TestParser" classname="NUnit.Common.Tests.TestSelectionParserTests" runstate="Runnable" seed="1135864555" result="Passed" start-time="2017-08-14 18:37:41Z" end-time="2017-08-14 18:37:41Z" duration="0.000231" asserts="2" />
              <test-case id="1357" name="TestParser(&quot;cat==Urgent || test=='My.Tests' &amp;&amp; cat == high&quot;,&quot;&lt;or&gt;&lt;cat&gt;Urgent&lt;/cat&gt;&lt;and&gt;&lt;test&gt;My.Tests&lt;/test&gt;&lt;cat&gt;high&lt;/cat&gt;&lt;/and&gt;&lt;/or&gt;&quot;)" fullname="NUnit.Common.Tests.TestSelectionParserTests.TestParser(&quot;cat==Urgent || test=='My.Tests' &amp;&amp; cat == high&quot;,&quot;&lt;or&gt;&lt;cat&gt;Urgent&lt;/cat&gt;&lt;and&gt;&lt;test&gt;My.Tests&lt;/test&gt;&lt;cat&gt;high&lt;/cat&gt;&lt;/and&gt;&lt;/or&gt;&quot;)" methodname="TestParser" classname="NUnit.Common.Tests.TestSelectionParserTests" runstate="Runnable" seed="1731996567" result="Passed" start-time="2017-08-14 18:37:41Z" end-time="2017-08-14 18:37:41Z" duration="0.000968" asserts="2" />
              <test-case id="1358" name="TestParser(&quot;cat==Urgent &amp;&amp; test=='My.Tests' || cat == high&quot;,&quot;&lt;or&gt;&lt;and&gt;&lt;cat&gt;Urgent&lt;/cat&gt;&lt;test&gt;My.Tests&lt;/test&gt;&lt;/and&gt;&lt;cat&gt;high&lt;/cat&gt;&lt;/or&gt;&quot;)" fullname="NUnit.Common.Tests.TestSelectionParserTests.TestParser(&quot;cat==Urgent &amp;&amp; test=='My.Tests' || cat == high&quot;,&quot;&lt;or&gt;&lt;and&gt;&lt;cat&gt;Urgent&lt;/cat&gt;&lt;test&gt;My.Tests&lt;/test&gt;&lt;/and&gt;&lt;cat&gt;high&lt;/cat&gt;&lt;/or&gt;&quot;)" methodname="TestParser" classname="NUnit.Common.Tests.TestSelectionParserTests" runstate="Runnable" seed="1381808979" result="Passed" start-time="2017-08-14 18:37:41Z" end-time="2017-08-14 18:37:41Z" duration="0.000154" asserts="2" />
              <test-case id="1359" name="TestParser(&quot;cat==Urgent &amp;&amp; (test=='My.Tests' || cat == high)&quot;,&quot;&lt;and&gt;&lt;cat&gt;Urgent&lt;/cat&gt;&lt;or&gt;&lt;test&gt;My.Tests&lt;/test&gt;&lt;cat&gt;high&lt;/cat&gt;&lt;/or&gt;&lt;/and&gt;&quot;)" fullname="NUnit.Common.Tests.TestSelectionParserTests.TestParser(&quot;cat==Urgent &amp;&amp; (test=='My.Tests' || cat == high)&quot;,&quot;&lt;and&gt;&lt;cat&gt;Urgent&lt;/cat&gt;&lt;or&gt;&lt;test&gt;My.Tests&lt;/test&gt;&lt;cat&gt;high&lt;/cat&gt;&lt;/or&gt;&lt;/and&gt;&quot;)" methodname="TestParser" classname="NUnit.Common.Tests.TestSelectionParserTests" runstate="Runnable" seed="1183256763" result="Passed" start-time="2017-08-14 18:37:41Z" end-time="2017-08-14 18:37:41Z" duration="0.000644" asserts="2" />
              <test-case id="1360" name="TestParser(&quot;cat==Urgent &amp;&amp; !(test=='My.Tests' || cat == high)&quot;,&quot;&lt;and&gt;&lt;cat&gt;Urgent&lt;/cat&gt;&lt;not&gt;&lt;or&gt;&lt;test&gt;My.Tests&lt;/test&gt;&lt;cat&gt;high&lt;/cat&gt;&lt;/or&gt;&lt;/not&gt;&lt;/and&gt;&quot;)" fullname="NUnit.Common.Tests.TestSelectionParserTests.TestParser(&quot;cat==Urgent &amp;&amp; !(test=='My.Tests' || cat == high)&quot;,&quot;&lt;and&gt;&lt;cat&gt;Urgent&lt;/cat&gt;&lt;not&gt;&lt;or&gt;&lt;test&gt;My.Tests&lt;/test&gt;&lt;cat&gt;high&lt;/cat&gt;&lt;/or&gt;&lt;/not&gt;&lt;/and&gt;&quot;)" methodname="TestParser" classname="NUnit.Common.Tests.TestSelectionParserTests" runstate="Runnable" seed="697395569" result="Passed" start-time="2017-08-14 18:37:41Z" end-time="2017-08-14 18:37:41Z" duration="0.000169" asserts="2" />
            </test-suite>
            <test-suite type="ParameterizedMethod" id="1366" name="TestParser_InvalidInput" fullname="NUnit.Common.Tests.TestSelectionParserTests.TestParser_InvalidInput" classname="NUnit.Common.Tests.TestSelectionParserTests" runstate="Runnable" testcasecount="4" result="Passed" start-time="2017-08-14 18:37:41Z" end-time="2017-08-14 18:37:41Z" duration="0.008957" total="4" passed="4" failed="0" warnings="0" inconclusive="0" skipped="0" asserts="4">
              <test-case id="1362" name="TestParser_InvalidInput(null,System.ArgumentNullException)" fullname="NUnit.Common.Tests.TestSelectionParserTests.TestParser_InvalidInput(null,System.ArgumentNullException)" methodname="TestParser_InvalidInput" classname="NUnit.Common.Tests.TestSelectionParserTests" runstate="Runnable" seed="1391309462" result="Passed" start-time="2017-08-14 18:37:41Z" end-time="2017-08-14 18:37:41Z" duration="0.000763" asserts="1" />
              <test-case id="1363" name="TestParser_InvalidInput(&quot;&quot;,NUnit.Common.TestSelectionParserException)" fullname="NUnit.Common.Tests.TestSelectionParserTests.TestParser_InvalidInput(&quot;&quot;,NUnit.Common.TestSelectionParserException)" methodname="TestParser_InvalidInput" classname="NUnit.Common.Tests.TestSelectionParserTests" runstate="Runnable" seed="717155239" result="Passed" start-time="2017-08-14 18:37:41Z" end-time="2017-08-14 18:37:41Z" duration="0.000134" asserts="1" />
              <test-case id="1364" name="TestParser_InvalidInput(&quot;   &quot;,NUnit.Common.TestSelectionParserException)" fullname="NUnit.Common.Tests.TestSelectionParserTests.TestParser_InvalidInput(&quot;   &quot;,NUnit.Common.TestSelectionParserException)" methodname="TestParser_InvalidInput" classname="NUnit.Common.Tests.TestSelectionParserTests" runstate="Runnable" seed="1025240530" result="Passed" start-time="2017-08-14 18:37:41Z" end-time="2017-08-14 18:37:41Z" duration="0.000120" asserts="1" />
              <test-case id="1365" name="TestParser_InvalidInput(&quot;  \t\t &quot;,NUnit.Common.TestSelectionParserException)" fullname="NUnit.Common.Tests.TestSelectionParserTests.TestParser_InvalidInput(&quot;  \t\t &quot;,NUnit.Common.TestSelectionParserException)" methodname="TestParser_InvalidInput" classname="NUnit.Common.Tests.TestSelectionParserTests" runstate="Runnable" seed="1628289790" result="Passed" start-time="2017-08-14 18:37:41Z" end-time="2017-08-14 18:37:41Z" duration="0.000177" asserts="1" />
            </test-suite>
          </test-suite>
        </test-suite>
      </test-suite>
    </test-suite>
    <test-suite type="TestSuite" id="1384" name="NUnitLite" fullname="NUnitLite" runstate="Runnable" testcasecount="266" result="Skipped" label="Ignored" start-time="2017-08-14 18:37:41Z" end-time="2017-08-14 18:37:41Z" duration="0.361015" total="266" passed="265" failed="0" warnings="0" inconclusive="0" skipped="1" asserts="520">
      <reason>
        <message><![CDATA[One or more child tests were ignored]]></message>
      </reason>
      <test-suite type="TestSuite" id="1385" name="Tests" fullname="NUnitLite.Tests" runstate="Runnable" testcasecount="266" result="Skipped" label="Ignored" start-time="2017-08-14 18:37:41Z" end-time="2017-08-14 18:37:41Z" duration="0.359035" total="266" passed="265" failed="0" warnings="0" inconclusive="0" skipped="1" asserts="520">
        <reason>
          <message><![CDATA[One or more child tests were ignored]]></message>
        </reason>
        <test-suite type="TestFixture" id="1127" name="MakeRunSettingsTests" fullname="NUnitLite.Tests.MakeRunSettingsTests" classname="NUnitLite.Tests.MakeRunSettingsTests" runstate="Runnable" testcasecount="4" result="Passed" start-time="2017-08-14 18:37:41Z" end-time="2017-08-14 18:37:41Z" duration="0.078102" total="4" passed="4" failed="0" warnings="0" inconclusive="0" skipped="0" asserts="8">
          <test-case id="1130" name="WhenSeedIsSpecified_RunSettingsIncludeIt" fullname="NUnitLite.Tests.MakeRunSettingsTests.WhenSeedIsSpecified_RunSettingsIncludeIt" methodname="WhenSeedIsSpecified_RunSettingsIncludeIt" classname="NUnitLite.Tests.MakeRunSettingsTests" runstate="Runnable" seed="1591368309" result="Passed" start-time="2017-08-14 18:37:41Z" end-time="2017-08-14 18:37:41Z" duration="0.000900" asserts="2" />
          <test-case id="1128" name="WhenTimeoutIsSpecified_RunSettingsIncludeIt" fullname="NUnitLite.Tests.MakeRunSettingsTests.WhenTimeoutIsSpecified_RunSettingsIncludeIt" methodname="WhenTimeoutIsSpecified_RunSettingsIncludeIt" classname="NUnitLite.Tests.MakeRunSettingsTests" runstate="Runnable" seed="1747203596" result="Passed" start-time="2017-08-14 18:37:41Z" end-time="2017-08-14 18:37:41Z" duration="0.001461" asserts="2" />
          <test-case id="1129" name="WhenWorkDirectoryIsSpecified_RunSettingsIncludeIt" fullname="NUnitLite.Tests.MakeRunSettingsTests.WhenWorkDirectoryIsSpecified_RunSettingsIncludeIt" methodname="WhenWorkDirectoryIsSpecified_RunSettingsIncludeIt" classname="NUnitLite.Tests.MakeRunSettingsTests" runstate="Runnable" seed="2013466913" result="Passed" start-time="2017-08-14 18:37:41Z" end-time="2017-08-14 18:37:41Z" duration="0.000593" asserts="2" />
          <test-case id="1131" name="WhenWorkersIsSpecified_RunSettingsIncludeIt" fullname="NUnitLite.Tests.MakeRunSettingsTests.WhenWorkersIsSpecified_RunSettingsIncludeIt" methodname="WhenWorkersIsSpecified_RunSettingsIncludeIt" classname="NUnitLite.Tests.MakeRunSettingsTests" runstate="Runnable" seed="1772176459" result="Passed" start-time="2017-08-14 18:37:41Z" end-time="2017-08-14 18:37:41Z" duration="0.000698" asserts="2" />
        </test-suite>
        <test-suite type="TestFixture" id="1118" name="CreateTestFilterTests" fullname="NUnitLite.Tests.CreateTestFilterTests" classname="NUnitLite.Tests.CreateTestFilterTests" runstate="Runnable" testcasecount="8" result="Passed" start-time="2017-08-14 18:37:41Z" end-time="2017-08-14 18:37:41Z" duration="0.091095" total="8" passed="8" failed="0" warnings="0" inconclusive="0" skipped="0" asserts="48">
          <test-case id="1119" name="EmptyFilter" fullname="NUnitLite.Tests.CreateTestFilterTests.EmptyFilter" methodname="EmptyFilter" classname="NUnitLite.Tests.CreateTestFilterTests" runstate="Runnable" seed="1691315809" result="Passed" start-time="2017-08-14 18:37:41Z" end-time="2017-08-14 18:37:41Z" duration="0.000582" asserts="1" />
          <test-case id="1120" name="OneTestSelected" fullname="NUnitLite.Tests.CreateTestFilterTests.OneTestSelected" methodname="OneTestSelected" classname="NUnitLite.Tests.CreateTestFilterTests" runstate="Runnable" seed="885349265" result="Passed" start-time="2017-08-14 18:37:41Z" end-time="2017-08-14 18:37:41Z" duration="0.002156" asserts="2" />
          <test-case id="1123" name="SixTestsFromTwoTestListFiles" fullname="NUnitLite.Tests.CreateTestFilterTests.SixTestsFromTwoTestListFiles" methodname="SixTestsFromTwoTestListFiles" classname="NUnitLite.Tests.CreateTestFilterTests" runstate="Runnable" seed="1988603613" result="Passed" start-time="2017-08-14 18:37:41Z" end-time="2017-08-14 18:37:41Z" duration="0.008858" asserts="14" />
          <test-case id="1124" name="TestListFileMissing" fullname="NUnitLite.Tests.CreateTestFilterTests.TestListFileMissing" methodname="TestListFileMissing" classname="NUnitLite.Tests.CreateTestFilterTests" runstate="Runnable" seed="1145907632" result="Passed" start-time="2017-08-14 18:37:41Z" end-time="2017-08-14 18:37:41Z" duration="0.003367" asserts="3" />
          <test-case id="1122" name="ThreeTestsFromATestListFile" fullname="NUnitLite.Tests.CreateTestFilterTests.ThreeTestsFromATestListFile" methodname="ThreeTestsFromATestListFile" classname="NUnitLite.Tests.CreateTestFilterTests" runstate="Runnable" seed="130017258" result="Passed" start-time="2017-08-14 18:37:41Z" end-time="2017-08-14 18:37:41Z" duration="0.002282" asserts="8" />
          <test-case id="1121" name="ThreeTestsSelected" fullname="NUnitLite.Tests.CreateTestFilterTests.ThreeTestsSelected" methodname="ThreeTestsSelected" classname="NUnitLite.Tests.CreateTestFilterTests" runstate="Runnable" seed="1703116616" result="Passed" start-time="2017-08-14 18:37:41Z" end-time="2017-08-14 18:37:41Z" duration="0.001884" asserts="8" />
          <test-case id="1126" name="TwoTestsAndWhereClauseSpecified" fullname="NUnitLite.Tests.CreateTestFilterTests.TwoTestsAndWhereClauseSpecified" methodname="TwoTestsAndWhereClauseSpecified" classname="NUnitLite.Tests.CreateTestFilterTests" runstate="Runnable" seed="220028702" result="Passed" start-time="2017-08-14 18:37:41Z" end-time="2017-08-14 18:37:41Z" duration="0.010852" asserts="10" />
          <test-case id="1125" name="WhereClauseSpecified" fullname="NUnitLite.Tests.CreateTestFilterTests.WhereClauseSpecified" methodname="WhereClauseSpecified" classname="NUnitLite.Tests.CreateTestFilterTests" runstate="Runnable" seed="1385912921" result="Passed" start-time="2017-08-14 18:37:41Z" end-time="2017-08-14 18:37:41Z" duration="0.000647" asserts="2" />
        </test-suite>
        <test-suite type="TestFixture" id="1175" name="TeamCityEventListenerTests" fullname="NUnitLite.Tests.TeamCityEventListenerTests" classname="NUnitLite.Tests.TeamCityEventListenerTests" runstate="Runnable" testcasecount="7" result="Passed" start-time="2017-08-14 18:37:41Z" end-time="2017-08-14 18:37:41Z" duration="0.061630" total="7" passed="7" failed="0" warnings="0" inconclusive="0" skipped="0" asserts="7">
          <test-case id="1182" name="TestFinished_Failed" fullname="NUnitLite.Tests.TeamCityEventListenerTests.TestFinished_Failed" methodname="TestFinished_Failed" classname="NUnitLite.Tests.TeamCityEventListenerTests" runstate="Runnable" seed="668005824" result="Passed" start-time="2017-08-14 18:37:41Z" end-time="2017-08-14 18:37:41Z" duration="0.003040" asserts="1" />
          <test-case id="1181" name="TestFinished_Ignored" fullname="NUnitLite.Tests.TeamCityEventListenerTests.TestFinished_Ignored" methodname="TestFinished_Ignored" classname="NUnitLite.Tests.TeamCityEventListenerTests" runstate="Runnable" seed="411190882" result="Passed" start-time="2017-08-14 18:37:41Z" end-time="2017-08-14 18:37:41Z" duration="0.000818" asserts="1" />
          <test-case id="1180" name="TestFinished_Inconclusive" fullname="NUnitLite.Tests.TeamCityEventListenerTests.TestFinished_Inconclusive" methodname="TestFinished_Inconclusive" classname="NUnitLite.Tests.TeamCityEventListenerTests" runstate="Runnable" seed="319299497" result="Passed" start-time="2017-08-14 18:37:41Z" end-time="2017-08-14 18:37:41Z" duration="0.000730" asserts="1" />
          <test-case id="1179" name="TestFinished_Passed" fullname="NUnitLite.Tests.TeamCityEventListenerTests.TestFinished_Passed" methodname="TestFinished_Passed" classname="NUnitLite.Tests.TeamCityEventListenerTests" runstate="Runnable" seed="1154991937" result="Passed" start-time="2017-08-14 18:37:41Z" end-time="2017-08-14 18:37:41Z" duration="0.000770" asserts="1" />
          <test-case id="1178" name="TestStarted" fullname="NUnitLite.Tests.TeamCityEventListenerTests.TestStarted" methodname="TestStarted" classname="NUnitLite.Tests.TeamCityEventListenerTests" runstate="Runnable" seed="340329524" result="Passed" start-time="2017-08-14 18:37:41Z" end-time="2017-08-14 18:37:41Z" duration="0.001893" asserts="1" />
          <test-case id="1177" name="TestSuiteFinished" fullname="NUnitLite.Tests.TeamCityEventListenerTests.TestSuiteFinished" methodname="TestSuiteFinished" classname="NUnitLite.Tests.TeamCityEventListenerTests" runstate="Runnable" seed="1563870626" result="Passed" start-time="2017-08-14 18:37:41Z" end-time="2017-08-14 18:37:41Z" duration="0.000531" asserts="1" />
          <test-case id="1176" name="TestSuiteStarted" fullname="NUnitLite.Tests.TeamCityEventListenerTests.TestSuiteStarted" methodname="TestSuiteStarted" classname="NUnitLite.Tests.TeamCityEventListenerTests" runstate="Runnable" seed="158434633" result="Passed" start-time="2017-08-14 18:37:41Z" end-time="2017-08-14 18:37:41Z" duration="0.000386" asserts="1" />
        </test-suite>
        <test-suite type="TestFixture" id="1183" name="TextUIReportTests" fullname="NUnitLite.Tests.TextUIReportTests" classname="NUnitLite.Tests.TextUIReportTests" runstate="Runnable" testcasecount="5" result="Skipped" label="Ignored" start-time="2017-08-14 18:37:41Z" end-time="2017-08-14 18:37:41Z" duration="0.040415" total="5" passed="4" failed="0" warnings="0" inconclusive="0" skipped="1" asserts="14">
          <reason>
            <message><![CDATA[One or more child tests were ignored]]></message>
          </reason>
          <test-case id="1184" name="DisplayHelp" fullname="NUnitLite.Tests.TextUIReportTests.DisplayHelp" methodname="DisplayHelp" classname="NUnitLite.Tests.TextUIReportTests" runstate="Runnable" seed="1904905590" result="Passed" start-time="2017-08-14 18:37:41Z" end-time="2017-08-14 18:37:41Z" duration="0.010853" asserts="1" />
          <test-case id="1188" name="ErrorsAndFailuresReportTest" fullname="NUnitLite.Tests.TextUIReportTests.ErrorsAndFailuresReportTest" methodname="ErrorsAndFailuresReportTest" classname="NUnitLite.Tests.TextUIReportTests" runstate="Runnable" seed="792201347" result="Passed" start-time="2017-08-14 18:37:41Z" end-time="2017-08-14 18:37:41Z" duration="0.003963" asserts="11" />
          <test-case id="1185" name="ReportSequenceTest" fullname="NUnitLite.Tests.TextUIReportTests.ReportSequenceTest" methodname="ReportSequenceTest" classname="NUnitLite.Tests.TextUIReportTests" runstate="Ignored" seed="1946344793" result="Skipped" label="Ignored" start-time="2017-08-14 18:37:41Z" end-time="2017-08-14 18:37:41Z" duration="0.000007" asserts="0">
            <properties>
              <property name="_SKIPREASON" value="Test needs modification" />
            </properties>
            <reason>
              <message><![CDATA[Test needs modification]]></message>
            </reason>
          </test-case>
          <test-case id="1187" name="SummaryReportTest" fullname="NUnitLite.Tests.TextUIReportTests.SummaryReportTest" methodname="SummaryReportTest" classname="NUnitLite.Tests.TextUIReportTests" runstate="Runnable" seed="1132494625" result="Passed" start-time="2017-08-14 18:37:41Z" end-time="2017-08-14 18:37:41Z" duration="0.001915" asserts="1" />
          <test-case id="1186" name="TestsNotRunTest" fullname="NUnitLite.Tests.TextUIReportTests.TestsNotRunTest" methodname="TestsNotRunTest" classname="NUnitLite.Tests.TextUIReportTests" runstate="Runnable" seed="1136063468" result="Passed" start-time="2017-08-14 18:37:41Z" end-time="2017-08-14 18:37:41Z" duration="0.000859" asserts="1" />
        </test-suite>
        <test-suite type="TestFixture" id="1132" name="NUnit2XmlOutputWriterTests" fullname="NUnitLite.Tests.NUnit2XmlOutputWriterTests" classname="NUnitLite.Tests.NUnit2XmlOutputWriterTests" runstate="Runnable" testcasecount="38" result="Passed" start-time="2017-08-14 18:37:41Z" end-time="2017-08-14 18:37:41Z" duration="0.133049" total="38" passed="38" failed="0" warnings="0" inconclusive="0" skipped="0" asserts="60">
          <test-case id="1160" name="CultureInfo_HasCultureInfoElement" fullname="NUnitLite.Tests.NUnit2XmlOutputWriterTests.CultureInfo_HasCultureInfoElement" methodname="CultureInfo_HasCultureInfoElement" classname="NUnitLite.Tests.NUnit2XmlOutputWriterTests" runstate="Runnable" seed="1126876497" result="Passed" start-time="2017-08-14 18:37:41Z" end-time="2017-08-14 18:37:41Z" duration="0.000392" asserts="1" />
          <test-suite type="ParameterizedMethod" id="1163" name="CultureInfo_HasRequiredAttribute" fullname="NUnitLite.Tests.NUnit2XmlOutputWriterTests.CultureInfo_HasRequiredAttribute" classname="NUnitLite.Tests.NUnit2XmlOutputWriterTests" runstate="Runnable" testcasecount="2" result="Passed" start-time="2017-08-14 18:37:41Z" end-time="2017-08-14 18:37:41Z" duration="0.004294" total="2" passed="2" failed="0" warnings="0" inconclusive="0" skipped="0" asserts="4">
            <test-case id="1161" name="CultureInfo_HasRequiredAttribute(&quot;current-culture&quot;)" fullname="NUnitLite.Tests.NUnit2XmlOutputWriterTests.CultureInfo_HasRequiredAttribute(&quot;current-culture&quot;)" methodname="CultureInfo_HasRequiredAttribute" classname="NUnitLite.Tests.NUnit2XmlOutputWriterTests" runstate="Runnable" seed="171210786" result="Passed" start-time="2017-08-14 18:37:41Z" end-time="2017-08-14 18:37:41Z" duration="0.000965" asserts="2" />
            <test-case id="1162" name="CultureInfo_HasRequiredAttribute(&quot;current-uiculture&quot;)" fullname="NUnitLite.Tests.NUnit2XmlOutputWriterTests.CultureInfo_HasRequiredAttribute(&quot;current-uiculture&quot;)" methodname="CultureInfo_HasRequiredAttribute" classname="NUnitLite.Tests.NUnit2XmlOutputWriterTests" runstate="Runnable" seed="177628429" result="Passed" start-time="2017-08-14 18:37:41Z" end-time="2017-08-14 18:37:41Z" duration="0.000047" asserts="2" />
          </test-suite>
          <test-case id="1134" name="Document_FirstChildIsXmlDeclaration" fullname="NUnitLite.Tests.NUnit2XmlOutputWriterTests.Document_FirstChildIsXmlDeclaration" methodname="Document_FirstChildIsXmlDeclaration" classname="NUnitLite.Tests.NUnit2XmlOutputWriterTests" runstate="Runnable" seed="1592601681" result="Passed" start-time="2017-08-14 18:37:41Z" end-time="2017-08-14 18:37:41Z" duration="0.002222" asserts="2" />
          <test-case id="1137" name="Document_HasTestResults" fullname="NUnitLite.Tests.NUnit2XmlOutputWriterTests.Document_HasTestResults" methodname="Document_HasTestResults" classname="NUnitLite.Tests.NUnit2XmlOutputWriterTests" runstate="Runnable" seed="1351558267" result="Passed" start-time="2017-08-14 18:37:41Z" end-time="2017-08-14 18:37:41Z" duration="0.000462" asserts="2" />
          <test-case id="1133" name="Document_HasThreeChildren" fullname="NUnitLite.Tests.NUnit2XmlOutputWriterTests.Document_HasThreeChildren" methodname="Document_HasThreeChildren" classname="NUnitLite.Tests.NUnit2XmlOutputWriterTests" runstate="Runnable" seed="1004143649" result="Passed" start-time="2017-08-14 18:37:41Z" end-time="2017-08-14 18:37:41Z" duration="0.000264" asserts="1" />
          <test-case id="1135" name="Document_SecondChildIsComment" fullname="NUnitLite.Tests.NUnit2XmlOutputWriterTests.Document_SecondChildIsComment" methodname="Document_SecondChildIsComment" classname="NUnitLite.Tests.NUnit2XmlOutputWriterTests" runstate="Runnable" seed="1637030639" result="Passed" start-time="2017-08-14 18:37:41Z" end-time="2017-08-14 18:37:41Z" duration="0.000362" asserts="1" />
          <test-case id="1136" name="Document_ThirdChildIsTestResults" fullname="NUnitLite.Tests.NUnit2XmlOutputWriterTests.Document_ThirdChildIsTestResults" methodname="Document_ThirdChildIsTestResults" classname="NUnitLite.Tests.NUnit2XmlOutputWriterTests" runstate="Runnable" seed="2078448287" result="Passed" start-time="2017-08-14 18:37:41Z" end-time="2017-08-14 18:37:41Z" duration="0.000296" asserts="1" />
          <test-case id="1150" name="Environment_HasEnvironmentElement" fullname="NUnitLite.Tests.NUnit2XmlOutputWriterTests.Environment_HasEnvironmentElement" methodname="Environment_HasEnvironmentElement" classname="NUnitLite.Tests.NUnit2XmlOutputWriterTests" runstate="Runnable" seed="490962230" result="Passed" start-time="2017-08-14 18:37:41Z" end-time="2017-08-14 18:37:41Z" duration="0.000355" asserts="1" />
          <test-suite type="ParameterizedMethod" id="1159" name="Environment_HasRequiredAttribute" fullname="NUnitLite.Tests.NUnit2XmlOutputWriterTests.Environment_HasRequiredAttribute" classname="NUnitLite.Tests.NUnit2XmlOutputWriterTests" runstate="Runnable" testcasecount="8" result="Passed" start-time="2017-08-14 18:37:41Z" end-time="2017-08-14 18:37:41Z" duration="0.016015" total="8" passed="8" failed="0" warnings="0" inconclusive="0" skipped="0" asserts="8">
            <test-case id="1151" name="Environment_HasRequiredAttribute(&quot;nunit-version&quot;)" fullname="NUnitLite.Tests.NUnit2XmlOutputWriterTests.Environment_HasRequiredAttribute(&quot;nunit-version&quot;)" methodname="Environment_HasRequiredAttribute" classname="NUnitLite.Tests.NUnit2XmlOutputWriterTests" runstate="Runnable" seed="1278347525" result="Passed" start-time="2017-08-14 18:37:41Z" end-time="2017-08-14 18:37:41Z" duration="0.000165" asserts="1" />
            <test-case id="1152" name="Environment_HasRequiredAttribute(&quot;clr-version&quot;)" fullname="NUnitLite.Tests.NUnit2XmlOutputWriterTests.Environment_HasRequiredAttribute(&quot;clr-version&quot;)" methodname="Environment_HasRequiredAttribute" classname="NUnitLite.Tests.NUnit2XmlOutputWriterTests" runstate="Runnable" seed="837798300" result="Passed" start-time="2017-08-14 18:37:41Z" end-time="2017-08-14 18:37:41Z" duration="0.000058" asserts="1" />
            <test-case id="1153" name="Environment_HasRequiredAttribute(&quot;os-version&quot;)" fullname="NUnitLite.Tests.NUnit2XmlOutputWriterTests.Environment_HasRequiredAttribute(&quot;os-version&quot;)" methodname="Environment_HasRequiredAttribute" classname="NUnitLite.Tests.NUnit2XmlOutputWriterTests" runstate="Runnable" seed="2076070074" result="Passed" start-time="2017-08-14 18:37:41Z" end-time="2017-08-14 18:37:41Z" duration="0.000072" asserts="1" />
            <test-case id="1154" name="Environment_HasRequiredAttribute(&quot;platform&quot;)" fullname="NUnitLite.Tests.NUnit2XmlOutputWriterTests.Environment_HasRequiredAttribute(&quot;platform&quot;)" methodname="Environment_HasRequiredAttribute" classname="NUnitLite.Tests.NUnit2XmlOutputWriterTests" runstate="Runnable" seed="332300762" result="Passed" start-time="2017-08-14 18:37:41Z" end-time="2017-08-14 18:37:41Z" duration="0.000072" asserts="1" />
            <test-case id="1155" name="Environment_HasRequiredAttribute(&quot;cwd&quot;)" fullname="NUnitLite.Tests.NUnit2XmlOutputWriterTests.Environment_HasRequiredAttribute(&quot;cwd&quot;)" methodname="Environment_HasRequiredAttribute" classname="NUnitLite.Tests.NUnit2XmlOutputWriterTests" runstate="Runnable" seed="625629878" result="Passed" start-time="2017-08-14 18:37:41Z" end-time="2017-08-14 18:37:41Z" duration="0.000070" asserts="1" />
            <test-case id="1156" name="Environment_HasRequiredAttribute(&quot;machine-name&quot;)" fullname="NUnitLite.Tests.NUnit2XmlOutputWriterTests.Environment_HasRequiredAttribute(&quot;machine-name&quot;)" methodname="Environment_HasRequiredAttribute" classname="NUnitLite.Tests.NUnit2XmlOutputWriterTests" runstate="Runnable" seed="1154717751" result="Passed" start-time="2017-08-14 18:37:41Z" end-time="2017-08-14 18:37:41Z" duration="0.000072" asserts="1" />
            <test-case id="1157" name="Environment_HasRequiredAttribute(&quot;user&quot;)" fullname="NUnitLite.Tests.NUnit2XmlOutputWriterTests.Environment_HasRequiredAttribute(&quot;user&quot;)" methodname="Environment_HasRequiredAttribute" classname="NUnitLite.Tests.NUnit2XmlOutputWriterTests" runstate="Runnable" seed="1488769060" result="Passed" start-time="2017-08-14 18:37:41Z" end-time="2017-08-14 18:37:41Z" duration="0.000068" asserts="1" />
            <test-case id="1158" name="Environment_HasRequiredAttribute(&quot;user-domain&quot;)" fullname="NUnitLite.Tests.NUnit2XmlOutputWriterTests.Environment_HasRequiredAttribute(&quot;user-domain&quot;)" methodname="Environment_HasRequiredAttribute" classname="NUnitLite.Tests.NUnit2XmlOutputWriterTests" runstate="Runnable" seed="1372215128" result="Passed" start-time="2017-08-14 18:37:41Z" end-time="2017-08-14 18:37:41Z" duration="0.000063" asserts="1" />
          </test-suite>
          <test-case id="1138" name="TestResults_AssemblyPathIsCorrect" fullname="NUnitLite.Tests.NUnit2XmlOutputWriterTests.TestResults_AssemblyPathIsCorrect" methodname="TestResults_AssemblyPathIsCorrect" classname="NUnitLite.Tests.NUnit2XmlOutputWriterTests" runstate="Runnable" seed="1860416784" result="Passed" start-time="2017-08-14 18:37:41Z" end-time="2017-08-14 18:37:41Z" duration="0.000233" asserts="2" />
          <test-suite type="ParameterizedMethod" id="1147" name="TestResults_CounterIsCorrect" fullname="NUnitLite.Tests.NUnit2XmlOutputWriterTests.TestResults_CounterIsCorrect" classname="NUnitLite.Tests.NUnit2XmlOutputWriterTests" runstate="Runnable" testcasecount="8" result="Passed" start-time="2017-08-14 18:37:41Z" end-time="2017-08-14 18:37:41Z" duration="0.016019" total="8" passed="8" failed="0" warnings="0" inconclusive="0" skipped="0" asserts="16">
            <test-case id="1139" name="TestResults_CounterIsCorrect(&quot;total&quot;,10)" fullname="NUnitLite.Tests.NUnit2XmlOutputWriterTests.TestResults_CounterIsCorrect(&quot;total&quot;,10)" methodname="TestResults_CounterIsCorrect" classname="NUnitLite.Tests.NUnit2XmlOutputWriterTests" runstate="Runnable" seed="1650697165" result="Passed" start-time="2017-08-14 18:37:41Z" end-time="2017-08-14 18:37:41Z" duration="0.000291" asserts="2" />
            <test-case id="1140" name="TestResults_CounterIsCorrect(&quot;errors&quot;,1)" fullname="NUnitLite.Tests.NUnit2XmlOutputWriterTests.TestResults_CounterIsCorrect(&quot;errors&quot;,1)" methodname="TestResults_CounterIsCorrect" classname="NUnitLite.Tests.NUnit2XmlOutputWriterTests" runstate="Runnable" seed="827085151" result="Passed" start-time="2017-08-14 18:37:41Z" end-time="2017-08-14 18:37:41Z" duration="0.000076" asserts="2" />
            <test-case id="1141" name="TestResults_CounterIsCorrect(&quot;failures&quot;,1)" fullname="NUnitLite.Tests.NUnit2XmlOutputWriterTests.TestResults_CounterIsCorrect(&quot;failures&quot;,1)" methodname="TestResults_CounterIsCorrect" classname="NUnitLite.Tests.NUnit2XmlOutputWriterTests" runstate="Runnable" seed="674909161" result="Passed" start-time="2017-08-14 18:37:41Z" end-time="2017-08-14 18:37:41Z" duration="0.000065" asserts="2" />
            <test-case id="1142" name="TestResults_CounterIsCorrect(&quot;inconclusive&quot;,1)" fullname="NUnitLite.Tests.NUnit2XmlOutputWriterTests.TestResults_CounterIsCorrect(&quot;inconclusive&quot;,1)" methodname="TestResults_CounterIsCorrect" classname="NUnitLite.Tests.NUnit2XmlOutputWriterTests" runstate="Runnable" seed="1345855228" result="Passed" start-time="2017-08-14 18:37:41Z" end-time="2017-08-14 18:37:41Z" duration="0.000073" asserts="2" />
            <test-case id="1143" name="TestResults_CounterIsCorrect(&quot;not-run&quot;,3)" fullname="NUnitLite.Tests.NUnit2XmlOutputWriterTests.TestResults_CounterIsCorrect(&quot;not-run&quot;,3)" methodname="TestResults_CounterIsCorrect" classname="NUnitLite.Tests.NUnit2XmlOutputWriterTests" runstate="Runnable" seed="1921010735" result="Passed" start-time="2017-08-14 18:37:41Z" end-time="2017-08-14 18:37:41Z" duration="0.000062" asserts="2" />
            <test-case id="1144" name="TestResults_CounterIsCorrect(&quot;ignored&quot;,1)" fullname="NUnitLite.Tests.NUnit2XmlOutputWriterTests.TestResults_CounterIsCorrect(&quot;ignored&quot;,1)" methodname="TestResults_CounterIsCorrect" classname="NUnitLite.Tests.NUnit2XmlOutputWriterTests" runstate="Runnable" seed="762807677" result="Passed" start-time="2017-08-14 18:37:41Z" end-time="2017-08-14 18:37:41Z" duration="0.000064" asserts="2" />
            <test-case id="1145" name="TestResults_CounterIsCorrect(&quot;skipped&quot;,0)" fullname="NUnitLite.Tests.NUnit2XmlOutputWriterTests.TestResults_CounterIsCorrect(&quot;skipped&quot;,0)" methodname="TestResults_CounterIsCorrect" classname="NUnitLite.Tests.NUnit2XmlOutputWriterTests" runstate="Runnable" seed="1493044140" result="Passed" start-time="2017-08-14 18:37:41Z" end-time="2017-08-14 18:37:41Z" duration="0.000063" asserts="2" />
            <test-case id="1146" name="TestResults_CounterIsCorrect(&quot;invalid&quot;,2)" fullname="NUnitLite.Tests.NUnit2XmlOutputWriterTests.TestResults_CounterIsCorrect(&quot;invalid&quot;,2)" methodname="TestResults_CounterIsCorrect" classname="NUnitLite.Tests.NUnit2XmlOutputWriterTests" runstate="Runnable" seed="254258956" result="Passed" start-time="2017-08-14 18:37:41Z" end-time="2017-08-14 18:37:41Z" duration="0.000069" asserts="2" />
          </test-suite>
          <test-case id="1148" name="TestResults_HasValidDateAttribute" fullname="NUnitLite.Tests.NUnit2XmlOutputWriterTests.TestResults_HasValidDateAttribute" methodname="TestResults_HasValidDateAttribute" classname="NUnitLite.Tests.NUnit2XmlOutputWriterTests" runstate="Runnable" seed="1651840869" result="Passed" start-time="2017-08-14 18:37:41Z" end-time="2017-08-14 18:37:41Z" duration="0.000807" asserts="2" />
          <test-case id="1149" name="TestResults_HasValidTimeAttribute" fullname="NUnitLite.Tests.NUnit2XmlOutputWriterTests.TestResults_HasValidTimeAttribute" methodname="TestResults_HasValidTimeAttribute" classname="NUnitLite.Tests.NUnit2XmlOutputWriterTests" runstate="Runnable" seed="864846340" result="Passed" start-time="2017-08-14 18:37:41Z" end-time="2017-08-14 18:37:41Z" duration="0.001696" asserts="2" />
          <test-suite type="ParameterizedMethod" id="1172" name="TestSuite_ExpectedAttribute" fullname="NUnitLite.Tests.NUnit2XmlOutputWriterTests.TestSuite_ExpectedAttribute" classname="NUnitLite.Tests.NUnit2XmlOutputWriterTests" runstate="Runnable" testcasecount="7" result="Passed" start-time="2017-08-14 18:37:41Z" end-time="2017-08-14 18:37:41Z" duration="0.014039" total="7" passed="7" failed="0" warnings="0" inconclusive="0" skipped="0" asserts="14">
            <test-case id="1165" name="TestSuite_ExpectedAttribute(&quot;type&quot;,&quot;TestFixture&quot;)" fullname="NUnitLite.Tests.NUnit2XmlOutputWriterTests.TestSuite_ExpectedAttribute(&quot;type&quot;,&quot;TestFixture&quot;)" methodname="TestSuite_ExpectedAttribute" classname="NUnitLite.Tests.NUnit2XmlOutputWriterTests" runstate="Runnable" seed="978139204" result="Passed" start-time="2017-08-14 18:37:41Z" end-time="2017-08-14 18:37:41Z" duration="0.000262" asserts="2" />
            <test-case id="1166" name="TestSuite_ExpectedAttribute(&quot;name&quot;,&quot;MockTestFixture&quot;)" fullname="NUnitLite.Tests.NUnit2XmlOutputWriterTests.TestSuite_ExpectedAttribute(&quot;name&quot;,&quot;MockTestFixture&quot;)" methodname="TestSuite_ExpectedAttribute" classname="NUnitLite.Tests.NUnit2XmlOutputWriterTests" runstate="Runnable" seed="2059514499" result="Passed" start-time="2017-08-14 18:37:41Z" end-time="2017-08-14 18:37:41Z" duration="0.000086" asserts="2" />
            <test-case id="1167" name="TestSuite_ExpectedAttribute(&quot;description&quot;,&quot;Fake Test Fixture&quot;)" fullname="NUnitLite.Tests.NUnit2XmlOutputWriterTests.TestSuite_ExpectedAttribute(&quot;description&quot;,&quot;Fake Test Fixture&quot;)" methodname="TestSuite_ExpectedAttribute" classname="NUnitLite.Tests.NUnit2XmlOutputWriterTests" runstate="Runnable" seed="1986202964" result="Passed" start-time="2017-08-14 18:37:41Z" end-time="2017-08-14 18:37:41Z" duration="0.000061" asserts="2" />
            <test-case id="1168" name="TestSuite_ExpectedAttribute(&quot;executed&quot;,&quot;True&quot;)" fullname="NUnitLite.Tests.NUnit2XmlOutputWriterTests.TestSuite_ExpectedAttribute(&quot;executed&quot;,&quot;True&quot;)" methodname="TestSuite_ExpectedAttribute" classname="NUnitLite.Tests.NUnit2XmlOutputWriterTests" runstate="Runnable" seed="1363472874" result="Passed" start-time="2017-08-14 18:37:41Z" end-time="2017-08-14 18:37:41Z" duration="0.000053" asserts="2" />
            <test-case id="1169" name="TestSuite_ExpectedAttribute(&quot;result&quot;,&quot;Failure&quot;)" fullname="NUnitLite.Tests.NUnit2XmlOutputWriterTests.TestSuite_ExpectedAttribute(&quot;result&quot;,&quot;Failure&quot;)" methodname="TestSuite_ExpectedAttribute" classname="NUnitLite.Tests.NUnit2XmlOutputWriterTests" runstate="Runnable" seed="2044476584" result="Passed" start-time="2017-08-14 18:37:41Z" end-time="2017-08-14 18:37:41Z" duration="0.000080" asserts="2" />
            <test-case id="1170" name="TestSuite_ExpectedAttribute(&quot;success&quot;,&quot;False&quot;)" fullname="NUnitLite.Tests.NUnit2XmlOutputWriterTests.TestSuite_ExpectedAttribute(&quot;success&quot;,&quot;False&quot;)" methodname="TestSuite_ExpectedAttribute" classname="NUnitLite.Tests.NUnit2XmlOutputWriterTests" runstate="Runnable" seed="1588504307" result="Passed" start-time="2017-08-14 18:37:41Z" end-time="2017-08-14 18:37:41Z" duration="0.000090" asserts="2" />
            <test-case id="1171" name="TestSuite_ExpectedAttribute(&quot;asserts&quot;,&quot;0&quot;)" fullname="NUnitLite.Tests.NUnit2XmlOutputWriterTests.TestSuite_ExpectedAttribute(&quot;asserts&quot;,&quot;0&quot;)" methodname="TestSuite_ExpectedAttribute" classname="NUnitLite.Tests.NUnit2XmlOutputWriterTests" runstate="Runnable" seed="2046307473" result="Passed" start-time="2017-08-14 18:37:41Z" end-time="2017-08-14 18:37:41Z" duration="0.000059" asserts="2" />
          </test-suite>
          <test-case id="1164" name="TestSuite_HasTestSuiteElement" fullname="NUnitLite.Tests.NUnit2XmlOutputWriterTests.TestSuite_HasTestSuiteElement" methodname="TestSuite_HasTestSuiteElement" classname="NUnitLite.Tests.NUnit2XmlOutputWriterTests" runstate="Runnable" seed="1394215205" result="Passed" start-time="2017-08-14 18:37:41Z" end-time="2017-08-14 18:37:41Z" duration="0.000454" asserts="1" />
          <test-case id="1173" name="TestSuite_HasValidTimeAttribute" fullname="NUnitLite.Tests.NUnit2XmlOutputWriterTests.TestSuite_HasValidTimeAttribute" methodname="TestSuite_HasValidTimeAttribute" classname="NUnitLite.Tests.NUnit2XmlOutputWriterTests" runstate="Runnable" seed="1297200796" result="Passed" start-time="2017-08-14 18:37:41Z" end-time="2017-08-14 18:37:41Z" duration="0.000589" asserts="2" />
          <test-case id="1174" name="TestSuite_ResultIsFailure" fullname="NUnitLite.Tests.NUnit2XmlOutputWriterTests.TestSuite_ResultIsFailure" methodname="TestSuite_ResultIsFailure" classname="NUnitLite.Tests.NUnit2XmlOutputWriterTests" runstate="Runnable" seed="1676683010" result="Passed" start-time="2017-08-14 18:37:41Z" end-time="2017-08-14 18:37:41Z" duration="0.000098" asserts="0" />
        </test-suite>
        <test-suite type="TestFixture" id="1189" name="TextUITests" fullname="NUnitLite.Tests.TextUITests" classname="NUnitLite.Tests.TextUITests" runstate="Runnable" testcasecount="96" result="Passed" start-time="2017-08-14 18:37:41Z" end-time="2017-08-14 18:37:41Z" duration="0.220024" total="96" passed="96" failed="0" warnings="0" inconclusive="0" skipped="0" asserts="96">
          <test-case id="1191" name="DisplayError" fullname="NUnitLite.Tests.TextUITests.DisplayError" methodname="DisplayError" classname="NUnitLite.Tests.TextUITests" runstate="Runnable" seed="1952917249" result="Passed" start-time="2017-08-14 18:37:41Z" end-time="2017-08-14 18:37:41Z" duration="0.000846" asserts="1" />
          <test-case id="1192" name="DisplayErrors" fullname="NUnitLite.Tests.TextUITests.DisplayErrors" methodname="DisplayErrors" classname="NUnitLite.Tests.TextUITests" runstate="Runnable" seed="2137842187" result="Passed" start-time="2017-08-14 18:37:41Z" end-time="2017-08-14 18:37:41Z" duration="0.000660" asserts="1" />
          <test-case id="1193" name="DisplayHeader" fullname="NUnitLite.Tests.TextUITests.DisplayHeader" methodname="DisplayHeader" classname="NUnitLite.Tests.TextUITests" runstate="Runnable" seed="366625042" result="Passed" start-time="2017-08-14 18:37:41Z" end-time="2017-08-14 18:37:41Z" duration="0.001035" asserts="1" />
          <test-case id="1195" name="DisplayRuntimeEnvironment" fullname="NUnitLite.Tests.TextUITests.DisplayRuntimeEnvironment" methodname="DisplayRuntimeEnvironment" classname="NUnitLite.Tests.TextUITests" runstate="Runnable" seed="610649515" result="Passed" start-time="2017-08-14 18:37:41Z" end-time="2017-08-14 18:37:41Z" duration="0.000329" asserts="1" />
          <test-case id="1194" name="DisplayTestFiles" fullname="NUnitLite.Tests.TextUITests.DisplayTestFiles" methodname="DisplayTestFiles" classname="NUnitLite.Tests.TextUITests" runstate="Runnable" seed="1917745772" result="Passed" start-time="2017-08-14 18:37:41Z" end-time="2017-08-14 18:37:41Z" duration="0.000381" asserts="1" />
          <test-case id="1190" name="DisplayWarning" fullname="NUnitLite.Tests.TextUITests.DisplayWarning" methodname="DisplayWarning" classname="NUnitLite.Tests.TextUITests" runstate="Runnable" seed="531571781" result="Passed" start-time="2017-08-14 18:37:41Z" end-time="2017-08-14 18:37:41Z" duration="0.000372" asserts="1" />
          <test-suite type="ParameterizedMethod" id="1266" name="ImmediateOutput" fullname="NUnitLite.Tests.TextUITests.ImmediateOutput" classname="NUnitLite.Tests.TextUITests" runstate="Runnable" testcasecount="14" result="Passed" start-time="2017-08-14 18:37:41Z" end-time="2017-08-14 18:37:41Z" duration="0.028017" total="14" passed="14" failed="0" warnings="0" inconclusive="0" skipped="0" asserts="14">
[...]
            <test-case id="1044" name="GetArgsFromFiles(&quot;testfile.dll @file1.txt --arg2&quot;,&quot;file1.txt:--where\n    \&quot;test == somelongname\&quot;&quot;,&quot;testfile.dll&quot;,&quot;--where&quot;,&quot;test == somelongname&quot;,&quot;--arg2&quot;)" fullname="NUnitLite.Tests.CommandLineTests.GetArgsFromFiles(&quot;testfile.dll @file1.txt --arg2&quot;,&quot;file1.txt:--where\n    \&quot;test == somelongname\&quot;&quot;,&quot;testfile.dll&quot;,&quot;--where&quot;,&quot;test == somelongname&quot;,&quot;--arg2&quot;)" methodname="GetArgsFromFiles" classname="NUnitLite.Tests.CommandLineTests" runstate="Runnable" seed="714924733" result="Passed" start-time="2017-08-14 18:37:41Z" end-time="2017-08-14 18:37:41Z" duration="0.000928" asserts="2" />
            <test-case id="1045" name="GetArgsFromFiles(&quot;testfile.dll @file1.txt --arg2&quot;,&quot;file1.txt:--where\n    \&quot;test == somelongname or test == /another long name/ or cat == SomeCategory\&quot;&quot;,&quot;testfile.dll&quot;,&quot;--where&quot;,&quot;test == somelongname or test == /another long name/ or cat == SomeCategory&quot;,&quot;--arg2&quot;)" fullname="NUnitLite.Tests.CommandLineTests.GetArgsFromFiles(&quot;testfile.dll @file1.txt --arg2&quot;,&quot;file1.txt:--where\n    \&quot;test == somelongname or test == /another long name/ or cat == SomeCategory\&quot;&quot;,&quot;testfile.dll&quot;,&quot;--where&quot;,&quot;test == somelongname or test == /another long name/ or cat == SomeCategory&quot;,&quot;--arg2&quot;)" methodname="GetArgsFromFiles" classname="NUnitLite.Tests.CommandLineTests" runstate="Runnable" seed="1577614762" result="Passed" start-time="2017-08-14 18:37:41Z" end-time="2017-08-14 18:37:41Z" duration="0.000978" asserts="2" />
            <test-case id="1046" name="GetArgsFromFiles(&quot;testfile.dll @file1.txt --arg2&quot;,&quot;file1.txt:--where\n    \&quot;test == somelongname or\ntest == /another long name/ or\ncat == SomeCategory\&quot;&quot;,&quot;testfile.dll&quot;,&quot;--where&quot;,&quot;test == somelongname or test == /another long name/ or cat == SomeCategory&quot;,&quot;--arg2&quot;)" fullname="NUnitLite.Tests.CommandLineTests.GetArgsFromFiles(&quot;testfile.dll @file1.txt --arg2&quot;,&quot;file1.txt:--where\n    \&quot;test == somelongname or\ntest == /another long name/ or\ncat == SomeCategory\&quot;&quot;,&quot;testfile.dll&quot;,&quot;--where&quot;,&quot;test == somelongname or test == /another long name/ or cat == SomeCategory&quot;,&quot;--arg2&quot;)" methodname="GetArgsFromFiles" classname="NUnitLite.Tests.CommandLineTests" runstate="Runnable" seed="576178957" result="Passed" start-time="2017-08-14 18:37:41Z" end-time="2017-08-14 18:37:41Z" duration="0.001067" asserts="2" />
            <test-case id="1047" name="GetArgsFromFiles(&quot;testfile.dll @file1.txt --arg2&quot;,&quot;file1.txt:--where\n    \&quot;test == somelongname ||\ntest == /another long name/ ||\ncat == SomeCategory\&quot;&quot;,&quot;testfile.dll&quot;,&quot;--where&quot;,&quot;test == somelongname || test == /another long name/ || cat == SomeCategory&quot;,&quot;--arg2&quot;)" fullname="NUnitLite.Tests.CommandLineTests.GetArgsFromFiles(&quot;testfile.dll @file1.txt --arg2&quot;,&quot;file1.txt:--where\n    \&quot;test == somelongname ||\ntest == /another long name/ ||\ncat == SomeCategory\&quot;&quot;,&quot;testfile.dll&quot;,&quot;--where&quot;,&quot;test == somelongname || test == /another long name/ || cat == SomeCategory&quot;,&quot;--arg2&quot;)" methodname="GetArgsFromFiles" classname="NUnitLite.Tests.CommandLineTests" runstate="Runnable" seed="2077208650" result="Passed" start-time="2017-08-14 18:37:41Z" end-time="2017-08-14 18:37:41Z" duration="0.001055" asserts="2" />
          </test-suite>
          <test-suite type="ParameterizedMethod" id="1051" name="GetArgsFromFiles_FailureTests" fullname="NUnitLite.Tests.CommandLineTests.GetArgsFromFiles_FailureTests" classname="NUnitLite.Tests.CommandLineTests" runstate="Runnable" testcasecount="2" result="Passed" start-time="2017-08-14 18:37:41Z" end-time="2017-08-14 18:37:41Z" duration="0.004009" total="2" passed="2" failed="0" warnings="0" inconclusive="0" skipped="0" asserts="2">
            <test-case id="1049" name="GetArgsFromFiles_FailureTests(&quot;--arg1 @file1.txt --arg2&quot;,&quot;The file \&quot;file1.txt\&quot; was not found.&quot;)" fullname="NUnitLite.Tests.CommandLineTests.GetArgsFromFiles_FailureTests(&quot;--arg1 @file1.txt --arg2&quot;,&quot;The file \&quot;file1.txt\&quot; was not found.&quot;)" methodname="GetArgsFromFiles_FailureTests" classname="NUnitLite.Tests.CommandLineTests" runstate="Runnable" seed="1847211346" result="Passed" start-time="2017-08-14 18:37:41Z" end-time="2017-08-14 18:37:41Z" duration="0.000608" asserts="1" />
            <test-case id="1050" name="GetArgsFromFiles_FailureTests(&quot;--arg1 @ --arg2&quot;,&quot;You must include a file name after @.&quot;)" fullname="NUnitLite.Tests.CommandLineTests.GetArgsFromFiles_FailureTests(&quot;--arg1 @ --arg2&quot;,&quot;You must include a file name after @.&quot;)" methodname="GetArgsFromFiles_FailureTests" classname="NUnitLite.Tests.CommandLineTests" runstate="Runnable" seed="934430034" result="Passed" start-time="2017-08-14 18:37:41Z" end-time="2017-08-14 18:37:41Z" duration="0.000105" asserts="1" />
          </test-suite>
          <test-case id="1086" name="InvalidCommandLineParms" fullname="NUnitLite.Tests.CommandLineTests.InvalidCommandLineParms" methodname="InvalidCommandLineParms" classname="NUnitLite.Tests.CommandLineTests" runstate="Runnable" seed="71708770" result="Passed" start-time="2017-08-14 18:37:41Z" end-time="2017-08-14 18:37:41Z" duration="0.001928" asserts="4" />
          <test-case id="1085" name="InvalidOption" fullname="NUnitLite.Tests.CommandLineTests.InvalidOption" methodname="InvalidOption" classname="NUnitLite.Tests.CommandLineTests" runstate="Runnable" seed="1880161162" result="Passed" start-time="2017-08-14 18:37:41Z" end-time="2017-08-14 18:37:41Z" duration="0.000483" asserts="3" />
          <test-suite type="ParameterizedMethod" id="1080" name="MissingValuesAreReported" fullname="NUnitLite.Tests.CommandLineTests.MissingValuesAreReported" classname="NUnitLite.Tests.CommandLineTests" runstate="Runnable" testcasecount="6" result="Passed" start-time="2017-08-14 18:37:41Z" end-time="2017-08-14 18:37:41Z" duration="0.012010" total="6" passed="6" failed="0" warnings="0" inconclusive="0" skipped="0" asserts="12">
            <test-case id="1074" name="MissingValuesAreReported(&quot;--where&quot;)" fullname="NUnitLite.Tests.CommandLineTests.MissingValuesAreReported(&quot;--where&quot;)" methodname="MissingValuesAreReported" classname="NUnitLite.Tests.CommandLineTests" runstate="Runnable" seed="465412090" result="Passed" start-time="2017-08-14 18:37:41Z" end-time="2017-08-14 18:37:41Z" duration="0.000442" asserts="2" />
            <test-case id="1075" name="MissingValuesAreReported(&quot;--output&quot;)" fullname="NUnitLite.Tests.CommandLineTests.MissingValuesAreReported(&quot;--output&quot;)" methodname="MissingValuesAreReported" classname="NUnitLite.Tests.CommandLineTests" runstate="Runnable" seed="2084779008" result="Passed" start-time="2017-08-14 18:37:41Z" end-time="2017-08-14 18:37:41Z" duration="0.000107" asserts="2" />
            <test-case id="1076" name="MissingValuesAreReported(&quot;--err&quot;)" fullname="NUnitLite.Tests.CommandLineTests.MissingValuesAreReported(&quot;--err&quot;)" methodname="MissingValuesAreReported" classname="NUnitLite.Tests.CommandLineTests" runstate="Runnable" seed="1074447103" result="Passed" start-time="2017-08-14 18:37:41Z" end-time="2017-08-14 18:37:41Z" duration="0.000104" asserts="2" />
            <test-case id="1077" name="MissingValuesAreReported(&quot;--work&quot;)" fullname="NUnitLite.Tests.CommandLineTests.MissingValuesAreReported(&quot;--work&quot;)" methodname="MissingValuesAreReported" classname="NUnitLite.Tests.CommandLineTests" runstate="Runnable" seed="307431586" result="Passed" start-time="2017-08-14 18:37:41Z" end-time="2017-08-14 18:37:41Z" duration="0.000101" asserts="2" />
            <test-case id="1078" name="MissingValuesAreReported(&quot;--trace&quot;)" fullname="NUnitLite.Tests.CommandLineTests.MissingValuesAreReported(&quot;--trace&quot;)" methodname="MissingValuesAreReported" classname="NUnitLite.Tests.CommandLineTests" runstate="Runnable" seed="1914372203" result="Passed" start-time="2017-08-14 18:37:41Z" end-time="2017-08-14 18:37:41Z" duration="0.000096" asserts="2" />
            <test-case id="1079" name="MissingValuesAreReported(&quot;--timeout&quot;)" fullname="NUnitLite.Tests.CommandLineTests.MissingValuesAreReported(&quot;--timeout&quot;)" methodname="MissingValuesAreReported" classname="NUnitLite.Tests.CommandLineTests" runstate="Runnable" seed="1544248848" result="Passed" start-time="2017-08-14 18:37:41Z" end-time="2017-08-14 18:37:41Z" duration="0.000100" asserts="2" />
          </test-suite>
          <test-case id="1082" name="MultipleAssembliesAreInvalidByDefault" fullname="NUnitLite.Tests.CommandLineTests.MultipleAssembliesAreInvalidByDefault" methodname="MultipleAssembliesAreInvalidByDefault" classname="NUnitLite.Tests.CommandLineTests" runstate="Runnable" seed="1100392203" result="Passed" start-time="2017-08-14 18:37:41Z" end-time="2017-08-14 18:37:41Z" duration="0.000630" asserts="4" />
          <test-case id="1084" name="MultipleAssembliesAreInvalidEvenIfOneIsAllowed" fullname="NUnitLite.Tests.CommandLineTests.MultipleAssembliesAreInvalidEvenIfOneIsAllowed" methodname="MultipleAssembliesAreInvalidEvenIfOneIsAllowed" classname="NUnitLite.Tests.CommandLineTests" runstate="Runnable" seed="422842674" result="Passed" start-time="2017-08-14 18:37:41Z" end-time="2017-08-14 18:37:41Z" duration="0.000490" asserts="3" />
          <test-case id="1052" name="NoInputFiles" fullname="NUnitLite.Tests.CommandLineTests.NoInputFiles" methodname="NoInputFiles" classname="NUnitLite.Tests.CommandLineTests" runstate="Runnable" seed="1613511172" result="Passed" start-time="2017-08-14 18:37:41Z" end-time="2017-08-14 18:37:41Z" duration="0.000306" asserts="2" />
          <test-case id="1099" name="NoResultSuppressesAllResultSpecifications" fullname="NUnitLite.Tests.CommandLineTests.NoResultSuppressesAllResultSpecifications" methodname="NoResultSuppressesAllResultSpecifications" classname="NUnitLite.Tests.CommandLineTests" runstate="Runnable" seed="1417817927" result="Passed" start-time="2017-08-14 18:37:41Z" end-time="2017-08-14 18:37:41Z" duration="0.000584" asserts="1" />
          <test-case id="1098" name="NoResultSuppressesDefaultResultSpecification" fullname="NUnitLite.Tests.CommandLineTests.NoResultSuppressesDefaultResultSpecification" methodname="NoResultSuppressesDefaultResultSpecification" classname="NUnitLite.Tests.CommandLineTests" runstate="Runnable" seed="1166989692" result="Passed" start-time="2017-08-14 18:37:41Z" end-time="2017-08-14 18:37:41Z" duration="0.000341" asserts="1" />
          <test-case id="1116" name="ParameterWithoutEqualSignIsInvalid" fullname="NUnitLite.Tests.CommandLineTests.ParameterWithoutEqualSignIsInvalid" methodname="ParameterWithoutEqualSignIsInvalid" classname="NUnitLite.Tests.CommandLineTests" runstate="Runnable" seed="1893149625" result="Passed" start-time="2017-08-14 18:37:41Z" end-time="2017-08-14 18:37:41Z" duration="0.000832" asserts="1" />
          <test-case id="1096" name="ResultOptionMayBeRepeated" fullname="NUnitLite.Tests.CommandLineTests.ResultOptionMayBeRepeated" methodname="ResultOptionMayBeRepeated" classname="NUnitLite.Tests.CommandLineTests" runstate="Runnable" seed="1688007500" result="Passed" start-time="2017-08-14 18:37:41Z" end-time="2017-08-14 18:37:41Z" duration="0.000860" asserts="11" />
          <test-case id="1092" name="ResultOptionWithFilePath" fullname="NUnitLite.Tests.CommandLineTests.ResultOptionWithFilePath" methodname="ResultOptionWithFilePath" classname="NUnitLite.Tests.CommandLineTests" runstate="Runnable" seed="1249359046" result="Passed" start-time="2017-08-14 18:37:41Z" end-time="2017-08-14 18:37:41Z" duration="0.000461" asserts="4" />
          <test-case id="1093" name="ResultOptionWithFilePathAndFormat" fullname="NUnitLite.Tests.CommandLineTests.ResultOptionWithFilePathAndFormat" methodname="ResultOptionWithFilePathAndFormat" classname="NUnitLite.Tests.CommandLineTests" runstate="Runnable" seed="1636901567" result="Passed" start-time="2017-08-14 18:37:41Z" end-time="2017-08-14 18:37:41Z" duration="0.000523" asserts="4" />
          <test-case id="1094" name="ResultOptionWithFilePathAndTransform" fullname="NUnitLite.Tests.CommandLineTests.ResultOptionWithFilePathAndTransform" methodname="ResultOptionWithFilePathAndTransform" classname="NUnitLite.Tests.CommandLineTests" runstate="Runnable" seed="826185150" result="Passed" start-time="2017-08-14 18:37:41Z" end-time="2017-08-14 18:37:41Z" duration="0.000552" asserts="4" />
          <test-case id="1095" name="ResultOptionWithoutFileNameIsInvalid" fullname="NUnitLite.Tests.CommandLineTests.ResultOptionWithoutFileNameIsInvalid" methodname="ResultOptionWithoutFileNameIsInvalid" classname="NUnitLite.Tests.CommandLineTests" runstate="Runnable" seed="461469491" result="Passed" start-time="2017-08-14 18:37:41Z" end-time="2017-08-14 18:37:41Z" duration="0.000445" asserts="2" />
          <test-suite type="ParameterizedMethod" id="1111" name="ShouldSetTeamCityFlagAccordingToArgsAndDefaults" fullname="NUnitLite.Tests.CommandLineTests.ShouldSetTeamCityFlagAccordingToArgsAndDefaults" classname="NUnitLite.Tests.CommandLineTests" runstate="Runnable" testcasecount="6" result="Passed" start-time="2017-08-14 18:37:41Z" end-time="2017-08-14 18:37:41Z" duration="0.012010" total="6" passed="6" failed="0" warnings="0" inconclusive="0" skipped="0" asserts="6">
            <test-case id="1105" name="ShouldSetTeamCityFlagAccordingToArgsAndDefaults(True,null,True)" fullname="NUnitLite.Tests.CommandLineTests.ShouldSetTeamCityFlagAccordingToArgsAndDefaults(True,null,True)" methodname="ShouldSetTeamCityFlagAccordingToArgsAndDefaults" classname="NUnitLite.Tests.CommandLineTests" runstate="Runnable" seed="1876725672" result="Passed" start-time="2017-08-14 18:37:41Z" end-time="2017-08-14 18:37:41Z" duration="0.000671" asserts="1" />
            <test-case id="1106" name="ShouldSetTeamCityFlagAccordingToArgsAndDefaults(False,null,False)" fullname="NUnitLite.Tests.CommandLineTests.ShouldSetTeamCityFlagAccordingToArgsAndDefaults(False,null,False)" methodname="ShouldSetTeamCityFlagAccordingToArgsAndDefaults" classname="NUnitLite.Tests.CommandLineTests" runstate="Runnable" seed="1335946550" result="Passed" start-time="2017-08-14 18:37:41Z" end-time="2017-08-14 18:37:41Z" duration="0.000108" asserts="1" />
            <test-case id="1107" name="ShouldSetTeamCityFlagAccordingToArgsAndDefaults(True,False,True)" fullname="NUnitLite.Tests.CommandLineTests.ShouldSetTeamCityFlagAccordingToArgsAndDefaults(True,False,True)" methodname="ShouldSetTeamCityFlagAccordingToArgsAndDefaults" classname="NUnitLite.Tests.CommandLineTests" runstate="Runnable" seed="1853497137" result="Passed" start-time="2017-08-14 18:37:41Z" end-time="2017-08-14 18:37:41Z" duration="0.000657" asserts="1" />
            <test-case id="1108" name="ShouldSetTeamCityFlagAccordingToArgsAndDefaults(False,False,False)" fullname="NUnitLite.Tests.CommandLineTests.ShouldSetTeamCityFlagAccordingToArgsAndDefaults(False,False,False)" methodname="ShouldSetTeamCityFlagAccordingToArgsAndDefaults" classname="NUnitLite.Tests.CommandLineTests" runstate="Runnable" seed="532819486" result="Passed" start-time="2017-08-14 18:37:41Z" end-time="2017-08-14 18:37:41Z" duration="0.000118" asserts="1" />
            <test-case id="1109" name="ShouldSetTeamCityFlagAccordingToArgsAndDefaults(True,True,True)" fullname="NUnitLite.Tests.CommandLineTests.ShouldSetTeamCityFlagAccordingToArgsAndDefaults(True,True,True)" methodname="ShouldSetTeamCityFlagAccordingToArgsAndDefaults" classname="NUnitLite.Tests.CommandLineTests" runstate="Runnable" seed="1054099681" result="Passed" start-time="2017-08-14 18:37:41Z" end-time="2017-08-14 18:37:41Z" duration="0.000118" asserts="1" />
            <test-case id="1110" name="ShouldSetTeamCityFlagAccordingToArgsAndDefaults(False,True,True)" fullname="NUnitLite.Tests.CommandLineTests.ShouldSetTeamCityFlagAccordingToArgsAndDefaults(False,True,True)" methodname="ShouldSetTeamCityFlagAccordingToArgsAndDefaults" classname="NUnitLite.Tests.CommandLineTests" runstate="Runnable" seed="1744050545" result="Passed" start-time="2017-08-14 18:37:41Z" end-time="2017-08-14 18:37:41Z" duration="0.000101" asserts="1" />
          </test-suite>
          <test-case id="1112" name="SingleTestParameter" fullname="NUnitLite.Tests.CommandLineTests.SingleTestParameter" methodname="SingleTestParameter" classname="NUnitLite.Tests.CommandLineTests" runstate="Runnable" seed="1051065837" result="Passed" start-time="2017-08-14 18:37:41Z" end-time="2017-08-14 18:37:41Z" duration="0.003379" asserts="2" />
          <test-case id="1115" name="ThreeTestParametersInTwoOptions" fullname="NUnitLite.Tests.CommandLineTests.ThreeTestParametersInTwoOptions" methodname="ThreeTestParametersInTwoOptions" classname="NUnitLite.Tests.CommandLineTests" runstate="Runnable" seed="894094493" result="Passed" start-time="2017-08-14 18:37:41Z" end-time="2017-08-14 18:37:41Z" duration="0.000567" asserts="2" />
          <test-case id="1090" name="TimeoutCausesErrorIfValueIsNotInteger" fullname="NUnitLite.Tests.CommandLineTests.TimeoutCausesErrorIfValueIsNotInteger" methodname="TimeoutCausesErrorIfValueIsNotInteger" classname="NUnitLite.Tests.CommandLineTests" runstate="Runnable" seed="52220419" result="Passed" start-time="2017-08-14 18:37:41Z" end-time="2017-08-14 18:37:41Z" duration="0.000523" asserts="2" />
          <test-case id="1087" name="TimeoutIsMinusOneIfNoOptionIsProvided" fullname="NUnitLite.Tests.CommandLineTests.TimeoutIsMinusOneIfNoOptionIsProvided" methodname="TimeoutIsMinusOneIfNoOptionIsProvided" classname="NUnitLite.Tests.CommandLineTests" runstate="Runnable" seed="547702564" result="Passed" start-time="2017-08-14 18:37:41Z" end-time="2017-08-14 18:37:41Z" duration="0.000374" asserts="2" />
          <test-case id="1089" name="TimeoutParsesIntValueCorrectly" fullname="NUnitLite.Tests.CommandLineTests.TimeoutParsesIntValueCorrectly" methodname="TimeoutParsesIntValueCorrectly" classname="NUnitLite.Tests.CommandLineTests" runstate="Runnable" seed="1583646324" result="Passed" start-time="2017-08-14 18:37:41Z" end-time="2017-08-14 18:37:41Z" duration="0.000399" asserts="2" />
          <test-case id="1088" name="TimeoutThrowsExceptionIfOptionHasNoValue" fullname="NUnitLite.Tests.CommandLineTests.TimeoutThrowsExceptionIfOptionHasNoValue" methodname="TimeoutThrowsExceptionIfOptionHasNoValue" classname="NUnitLite.Tests.CommandLineTests" runstate="Runnable" seed="993827291" result="Passed" start-time="2017-08-14 18:37:41Z" end-time="2017-08-14 18:37:41Z" duration="0.002115" asserts="1" />
          <test-case id="1113" name="TwoTestParametersInOneOption" fullname="NUnitLite.Tests.CommandLineTests.TwoTestParametersInOneOption" methodname="TwoTestParametersInOneOption" classname="NUnitLite.Tests.CommandLineTests" runstate="Runnable" seed="2086173349" result="Passed" start-time="2017-08-14 18:37:41Z" end-time="2017-08-14 18:37:41Z" duration="0.000499" asserts="2" />
          <test-case id="1114" name="TwoTestParametersInSeparateOptions" fullname="NUnitLite.Tests.CommandLineTests.TwoTestParametersInSeparateOptions" methodname="TwoTestParametersInSeparateOptions" classname="NUnitLite.Tests.CommandLineTests" runstate="Runnable" seed="1835851294" result="Passed" start-time="2017-08-14 18:37:41Z" end-time="2017-08-14 18:37:41Z" duration="0.000510" asserts="2" />
        </test-suite>
      </test-suite>
    </test-suite>
  </test-suite>
</test-run>